[2026-01-28T17:05:04.982+0000] {local_task_job_runner.py:120} INFO - ::group::Pre task execution logs
[2026-01-28T17:05:05.014+0000] {taskinstance.py:2076} INFO - Dependencies all met for dep_context=non-requeueable deps ti=<TaskInstance: fluview_weekly_etl.spark_clean manual__2026-01-28T17:05:03.233627+00:00 [queued]>
[2026-01-28T17:05:05.023+0000] {taskinstance.py:2076} INFO - Dependencies all met for dep_context=requeueable deps ti=<TaskInstance: fluview_weekly_etl.spark_clean manual__2026-01-28T17:05:03.233627+00:00 [queued]>
[2026-01-28T17:05:05.026+0000] {taskinstance.py:2306} INFO - Starting attempt 1 of 2
[2026-01-28T17:05:05.042+0000] {taskinstance.py:2330} INFO - Executing <Task(SparkSubmitOperator): spark_clean> on 2026-01-28 17:05:03.233627+00:00
[2026-01-28T17:05:05.046+0000] {standard_task_runner.py:64} INFO - Started process 1835 to run task
[2026-01-28T17:05:05.049+0000] {standard_task_runner.py:90} INFO - Running: ['***', 'tasks', 'run', 'fluview_weekly_etl', 'spark_clean', 'manual__2026-01-28T17:05:03.233627+00:00', '--job-id', '45', '--raw', '--subdir', 'DAGS_FOLDER/fluview_weekly_etl.py', '--cfg-path', '/tmp/tmpdzktba64']
[2026-01-28T17:05:05.052+0000] {standard_task_runner.py:91} INFO - Job 45: Subtask spark_clean
[2026-01-28T17:05:05.111+0000] {task_command.py:426} INFO - Running <TaskInstance: fluview_weekly_etl.spark_clean manual__2026-01-28T17:05:03.233627+00:00 [running]> on host b033199fcba4
[2026-01-28T17:05:05.195+0000] {taskinstance.py:2648} INFO - Exporting env vars: AIRFLOW_CTX_DAG_OWNER='***' AIRFLOW_CTX_DAG_ID='fluview_weekly_etl' AIRFLOW_CTX_TASK_ID='spark_clean' AIRFLOW_CTX_EXECUTION_DATE='2026-01-28T17:05:03.233627+00:00' AIRFLOW_CTX_TRY_NUMBER='1' AIRFLOW_CTX_DAG_RUN_ID='manual__2026-01-28T17:05:03.233627+00:00'
[2026-01-28T17:05:05.196+0000] {taskinstance.py:430} INFO - ::endgroup::
[2026-01-28T17:05:05.221+0000] {base.py:84} INFO - Using connection ID 'spark_standalone' for task execution.
[2026-01-28T17:05:05.222+0000] {spark_submit.py:473} INFO - Spark-Submit cmd: spark-submit --master spark://spark-master:7077 --name fluview-clean --class com.sparkhealth.FluviewETL --verbose /jars/spark-health_2.12-0.1.0.jar --mode clean --raw /opt/***/data/raw/fluview/ingest_date=2026-01-28 --clean /opt/***/data/clean/fluview/ingest_date=2026-01-28
[2026-01-28T17:05:05.276+0000] {spark_submit.py:634} INFO - /opt/spark/bin/load-spark-env.sh: line 68: ps: command not found
[2026-01-28T17:05:07.530+0000] {spark_submit.py:634} INFO - Using properties file: null
[2026-01-28T17:05:07.657+0000] {spark_submit.py:634} INFO - Parsed arguments:
[2026-01-28T17:05:07.658+0000] {spark_submit.py:634} INFO - master                  spark://spark-master:7077
[2026-01-28T17:05:07.659+0000] {spark_submit.py:634} INFO - remote                  null
[2026-01-28T17:05:07.660+0000] {spark_submit.py:634} INFO - deployMode              null
[2026-01-28T17:05:07.660+0000] {spark_submit.py:634} INFO - executorMemory          null
[2026-01-28T17:05:07.661+0000] {spark_submit.py:634} INFO - executorCores           null
[2026-01-28T17:05:07.661+0000] {spark_submit.py:634} INFO - totalExecutorCores      null
[2026-01-28T17:05:07.662+0000] {spark_submit.py:634} INFO - propertiesFile          null
[2026-01-28T17:05:07.662+0000] {spark_submit.py:634} INFO - driverMemory            null
[2026-01-28T17:05:07.663+0000] {spark_submit.py:634} INFO - driverCores             null
[2026-01-28T17:05:07.663+0000] {spark_submit.py:634} INFO - driverExtraClassPath    null
[2026-01-28T17:05:07.664+0000] {spark_submit.py:634} INFO - driverExtraLibraryPath  null
[2026-01-28T17:05:07.664+0000] {spark_submit.py:634} INFO - driverExtraJavaOptions  null
[2026-01-28T17:05:07.665+0000] {spark_submit.py:634} INFO - supervise               false
[2026-01-28T17:05:07.665+0000] {spark_submit.py:634} INFO - queue                   null
[2026-01-28T17:05:07.666+0000] {spark_submit.py:634} INFO - numExecutors            null
[2026-01-28T17:05:07.666+0000] {spark_submit.py:634} INFO - files                   null
[2026-01-28T17:05:07.667+0000] {spark_submit.py:634} INFO - pyFiles                 null
[2026-01-28T17:05:07.667+0000] {spark_submit.py:634} INFO - archives                null
[2026-01-28T17:05:07.668+0000] {spark_submit.py:634} INFO - mainClass               com.sparkhealth.FluviewETL
[2026-01-28T17:05:07.668+0000] {spark_submit.py:634} INFO - primaryResource         file:/jars/spark-health_2.12-0.1.0.jar
[2026-01-28T17:05:07.669+0000] {spark_submit.py:634} INFO - name                    fluview-clean
[2026-01-28T17:05:07.669+0000] {spark_submit.py:634} INFO - childArgs               [--mode clean --raw /opt/***/data/raw/fluview/ingest_date=2026-01-28 --clean /opt/***/data/clean/fluview/ingest_date=2026-01-28]
[2026-01-28T17:05:07.670+0000] {spark_submit.py:634} INFO - jars                    null
[2026-01-28T17:05:07.670+0000] {spark_submit.py:634} INFO - packages                null
[2026-01-28T17:05:07.671+0000] {spark_submit.py:634} INFO - packagesExclusions      null
[2026-01-28T17:05:07.671+0000] {spark_submit.py:634} INFO - repositories            null
[2026-01-28T17:05:07.672+0000] {spark_submit.py:634} INFO - verbose                 true
[2026-01-28T17:05:07.672+0000] {spark_submit.py:634} INFO - 
[2026-01-28T17:05:07.673+0000] {spark_submit.py:634} INFO - Spark properties used, including those specified through
[2026-01-28T17:05:07.673+0000] {spark_submit.py:634} INFO - --conf and those from the properties file null:
[2026-01-28T17:05:07.674+0000] {spark_submit.py:634} INFO - 
[2026-01-28T17:05:07.675+0000] {spark_submit.py:634} INFO - 
[2026-01-28T17:05:07.675+0000] {spark_submit.py:634} INFO - 
[2026-01-28T17:05:08.090+0000] {spark_submit.py:634} INFO - Main class:
[2026-01-28T17:05:08.091+0000] {spark_submit.py:634} INFO - com.sparkhealth.FluviewETL
[2026-01-28T17:05:08.092+0000] {spark_submit.py:634} INFO - Arguments:
[2026-01-28T17:05:08.093+0000] {spark_submit.py:634} INFO - --mode
[2026-01-28T17:05:08.094+0000] {spark_submit.py:634} INFO - clean
[2026-01-28T17:05:08.094+0000] {spark_submit.py:634} INFO - --raw
[2026-01-28T17:05:08.095+0000] {spark_submit.py:634} INFO - /opt/***/data/raw/fluview/ingest_date=2026-01-28
[2026-01-28T17:05:08.095+0000] {spark_submit.py:634} INFO - --clean
[2026-01-28T17:05:08.096+0000] {spark_submit.py:634} INFO - /opt/***/data/clean/fluview/ingest_date=2026-01-28
[2026-01-28T17:05:08.097+0000] {spark_submit.py:634} INFO - Spark config:
[2026-01-28T17:05:08.097+0000] {spark_submit.py:634} INFO - (spark.app.name,fluview-clean)
[2026-01-28T17:05:08.098+0000] {spark_submit.py:634} INFO - (spark.app.submitTime,1769619908073)
[2026-01-28T17:05:08.098+0000] {spark_submit.py:634} INFO - (spark.jars,file:/jars/spark-health_2.12-0.1.0.jar)
[2026-01-28T17:05:08.099+0000] {spark_submit.py:634} INFO - (spark.master,spark://spark-master:7077)
[2026-01-28T17:05:08.099+0000] {spark_submit.py:634} INFO - (spark.submit.deployMode,client)
[2026-01-28T17:05:08.100+0000] {spark_submit.py:634} INFO - (spark.submit.pyFiles,)
[2026-01-28T17:05:08.101+0000] {spark_submit.py:634} INFO - Classpath elements:
[2026-01-28T17:05:08.101+0000] {spark_submit.py:634} INFO - file:/jars/spark-health_2.12-0.1.0.jar
[2026-01-28T17:05:08.102+0000] {spark_submit.py:634} INFO - 
[2026-01-28T17:05:08.102+0000] {spark_submit.py:634} INFO - 
[2026-01-28T17:05:08.110+0000] {spark_submit.py:634} INFO - Error: Failed to load class com.sparkhealth.FluviewETL.
[2026-01-28T17:05:08.119+0000] {spark_submit.py:634} INFO - 26/01/28 17:05:08 INFO ShutdownHookManager: Shutdown hook called
[2026-01-28T17:05:08.124+0000] {spark_submit.py:634} INFO - 26/01/28 17:05:08 INFO ShutdownHookManager: Deleting directory /tmp/spark-316f70ee-57bf-4f18-aed9-0170429d8dcb
[2026-01-28T17:05:08.165+0000] {taskinstance.py:441} INFO - ::group::Post task execution logs
[2026-01-28T17:05:08.310+0000] {taskinstance.py:2905} ERROR - Task failed with exception
Traceback (most recent call last):
  File "/home/airflow/.local/lib/python3.11/site-packages/airflow/models/taskinstance.py", line 465, in _execute_task
    result = _execute_callable(context=context, **execute_callable_kwargs)
             ^^^^^^^^^^^^^^^^^^^^^^^^^^^^^^^^^^^^^^^^^^^^^^^^^^^^^^^^^^^^^
  File "/home/airflow/.local/lib/python3.11/site-packages/airflow/models/taskinstance.py", line 432, in _execute_callable
    return execute_callable(context=context, **execute_callable_kwargs)
           ^^^^^^^^^^^^^^^^^^^^^^^^^^^^^^^^^^^^^^^^^^^^^^^^^^^^^^^^^^^^
  File "/home/airflow/.local/lib/python3.11/site-packages/airflow/models/baseoperator.py", line 401, in wrapper
    return func(self, *args, **kwargs)
           ^^^^^^^^^^^^^^^^^^^^^^^^^^^
  File "/home/airflow/.local/lib/python3.11/site-packages/airflow/providers/apache/spark/operators/spark_submit.py", line 176, in execute
    self._hook.submit(self.application)
  File "/home/airflow/.local/lib/python3.11/site-packages/airflow/providers/apache/spark/hooks/spark_submit.py", line 560, in submit
    raise AirflowException(
airflow.exceptions.AirflowException: Cannot execute: spark-submit --master spark://spark-master:7077 --name fluview-clean --class com.sparkhealth.FluviewETL --verbose /jars/spark-health_2.12-0.1.0.jar --mode clean --raw /opt/***/data/raw/fluview/ingest_date=2026-01-28 --clean /opt/***/data/clean/fluview/ingest_date=2026-01-28. Error code is: 101.
[2026-01-28T17:05:08.321+0000] {taskinstance.py:1206} INFO - Marking task as UP_FOR_RETRY. dag_id=fluview_weekly_etl, task_id=spark_clean, run_id=manual__2026-01-28T17:05:03.233627+00:00, execution_date=20260128T170503, start_date=20260128T170505, end_date=20260128T170508
[2026-01-28T17:05:08.337+0000] {standard_task_runner.py:110} ERROR - Failed to execute job 45 for task spark_clean (Cannot execute: spark-submit --master spark://spark-master:7077 --name fluview-clean --class com.sparkhealth.FluviewETL --verbose /jars/spark-health_2.12-0.1.0.jar --mode clean --raw /opt/***/data/raw/fluview/ingest_date=2026-01-28 --clean /opt/***/data/clean/fluview/ingest_date=2026-01-28. Error code is: 101.; 1835)
[2026-01-28T17:05:08.360+0000] {local_task_job_runner.py:243} INFO - Task exited with return code 1
[2026-01-28T17:05:08.377+0000] {taskinstance.py:3503} INFO - 0 downstream tasks scheduled from follow-on schedule check
[2026-01-28T17:05:08.383+0000] {local_task_job_runner.py:222} INFO - ::endgroup::
