[2026-01-27T10:43:23.529+0000] {local_task_job_runner.py:120} INFO - ::group::Pre task execution logs
[2026-01-27T10:43:23.572+0000] {taskinstance.py:2076} INFO - Dependencies all met for dep_context=non-requeueable deps ti=<TaskInstance: fluview_ingest.ingest_fluview scheduled__2026-01-18T00:00:00+00:00 [queued]>
[2026-01-27T10:43:23.582+0000] {taskinstance.py:2076} INFO - Dependencies all met for dep_context=requeueable deps ti=<TaskInstance: fluview_ingest.ingest_fluview scheduled__2026-01-18T00:00:00+00:00 [queued]>
[2026-01-27T10:43:23.583+0000] {taskinstance.py:2306} INFO - Starting attempt 1 of 3
[2026-01-27T10:43:23.599+0000] {taskinstance.py:2330} INFO - Executing <Task(PythonOperator): ingest_fluview> on 2026-01-18 00:00:00+00:00
[2026-01-27T10:43:23.605+0000] {standard_task_runner.py:64} INFO - Started process 235 to run task
[2026-01-27T10:43:23.608+0000] {standard_task_runner.py:90} INFO - Running: ['***', 'tasks', 'run', 'fluview_ingest', 'ingest_fluview', 'scheduled__2026-01-18T00:00:00+00:00', '--job-id', '2', '--raw', '--subdir', 'DAGS_FOLDER/fluview_ingest.py', '--cfg-path', '/tmp/tmp4me1u01u']
[2026-01-27T10:43:23.611+0000] {standard_task_runner.py:91} INFO - Job 2: Subtask ingest_fluview
[2026-01-27T10:43:23.721+0000] {task_command.py:426} INFO - Running <TaskInstance: fluview_ingest.ingest_fluview scheduled__2026-01-18T00:00:00+00:00 [running]> on host c8782a803364
[2026-01-27T10:43:24.303+0000] {taskinstance.py:2648} INFO - Exporting env vars: AIRFLOW_CTX_DAG_OWNER='urbanmove' AIRFLOW_CTX_DAG_ID='fluview_ingest' AIRFLOW_CTX_TASK_ID='ingest_fluview' AIRFLOW_CTX_EXECUTION_DATE='2026-01-18T00:00:00+00:00' AIRFLOW_CTX_TRY_NUMBER='1' AIRFLOW_CTX_DAG_RUN_ID='scheduled__2026-01-18T00:00:00+00:00'
[2026-01-27T10:43:24.305+0000] {taskinstance.py:430} INFO - ::endgroup::
[2026-01-27T10:43:26.946+0000] {logging_mixin.py:188} INFO - Ingest completed: {'latest_issue': 202602, 'epiweeks': '202543-202602', 'rows_ili': 13, 'rows_clinical': 13, 'out_dir': '/opt/***/data/raw/fluview/ingest_date=2026-01-18'}
[2026-01-27T10:43:26.947+0000] {python.py:237} INFO - Done. Returned value was: {'latest_issue': 202602, 'epiweeks': '202543-202602', 'rows_ili': 13, 'rows_clinical': 13, 'out_dir': '/opt/***/data/raw/fluview/ingest_date=2026-01-18'}
[2026-01-27T10:43:26.947+0000] {taskinstance.py:441} INFO - ::group::Post task execution logs
[2026-01-27T10:43:26.991+0000] {taskinstance.py:1206} INFO - Marking task as SUCCESS. dag_id=fluview_ingest, task_id=ingest_fluview, run_id=scheduled__2026-01-18T00:00:00+00:00, execution_date=20260118T000000, start_date=20260127T104323, end_date=20260127T104326
[2026-01-27T10:43:27.027+0000] {local_task_job_runner.py:243} INFO - Task exited with return code 0
[2026-01-27T10:43:27.048+0000] {taskinstance.py:3503} INFO - 0 downstream tasks scheduled from follow-on schedule check
[2026-01-27T10:43:27.054+0000] {local_task_job_runner.py:222} INFO - ::endgroup::
[2026-01-28T17:04:33.618+0000] {local_task_job_runner.py:120} INFO - ::group::Pre task execution logs
[2026-01-28T17:04:33.648+0000] {taskinstance.py:2076} INFO - Dependencies all met for dep_context=non-requeueable deps ti=<TaskInstance: fluview_ingest.ingest_fluview scheduled__2026-01-18T00:00:00+00:00 [queued]>
[2026-01-28T17:04:33.657+0000] {taskinstance.py:2076} INFO - Dependencies all met for dep_context=requeueable deps ti=<TaskInstance: fluview_ingest.ingest_fluview scheduled__2026-01-18T00:00:00+00:00 [queued]>
[2026-01-28T17:04:33.658+0000] {taskinstance.py:2306} INFO - Starting attempt 1 of 3
[2026-01-28T17:04:33.672+0000] {taskinstance.py:2330} INFO - Executing <Task(PythonOperator): ingest_fluview> on 2026-01-18 00:00:00+00:00
[2026-01-28T17:04:33.677+0000] {standard_task_runner.py:64} INFO - Started process 1814 to run task
[2026-01-28T17:04:33.680+0000] {standard_task_runner.py:90} INFO - Running: ['***', 'tasks', 'run', 'fluview_ingest', 'ingest_fluview', 'scheduled__2026-01-18T00:00:00+00:00', '--job-id', '42', '--raw', '--subdir', 'DAGS_FOLDER/fluview_ingest.py', '--cfg-path', '/tmp/tmpzcx5vv15']
[2026-01-28T17:04:33.682+0000] {standard_task_runner.py:91} INFO - Job 42: Subtask ingest_fluview
[2026-01-28T17:04:33.742+0000] {task_command.py:426} INFO - Running <TaskInstance: fluview_ingest.ingest_fluview scheduled__2026-01-18T00:00:00+00:00 [running]> on host b033199fcba4
[2026-01-28T17:04:33.829+0000] {taskinstance.py:2648} INFO - Exporting env vars: AIRFLOW_CTX_DAG_OWNER='urbanmove' AIRFLOW_CTX_DAG_ID='fluview_ingest' AIRFLOW_CTX_TASK_ID='ingest_fluview' AIRFLOW_CTX_EXECUTION_DATE='2026-01-18T00:00:00+00:00' AIRFLOW_CTX_TRY_NUMBER='1' AIRFLOW_CTX_DAG_RUN_ID='scheduled__2026-01-18T00:00:00+00:00'
[2026-01-28T17:04:33.830+0000] {taskinstance.py:430} INFO - ::endgroup::
[2026-01-28T17:04:36.444+0000] {logging_mixin.py:188} INFO - Ingest completed: {'latest_issue': 202602, 'epiweeks': '202543-202602', 'rows_ili': 13, 'rows_clinical': 13, 'out_dir': '/opt/***/data/raw/fluview/ingest_date=2026-01-18'}
[2026-01-28T17:04:36.445+0000] {python.py:237} INFO - Done. Returned value was: {'latest_issue': 202602, 'epiweeks': '202543-202602', 'rows_ili': 13, 'rows_clinical': 13, 'out_dir': '/opt/***/data/raw/fluview/ingest_date=2026-01-18'}
[2026-01-28T17:04:36.446+0000] {taskinstance.py:441} INFO - ::group::Post task execution logs
[2026-01-28T17:04:36.471+0000] {taskinstance.py:1206} INFO - Marking task as SUCCESS. dag_id=fluview_ingest, task_id=ingest_fluview, run_id=scheduled__2026-01-18T00:00:00+00:00, execution_date=20260118T000000, start_date=20260128T170433, end_date=20260128T170436
[2026-01-28T17:04:36.636+0000] {local_task_job_runner.py:243} INFO - Task exited with return code 0
[2026-01-28T17:04:36.653+0000] {taskinstance.py:3503} INFO - 0 downstream tasks scheduled from follow-on schedule check
[2026-01-28T17:04:36.658+0000] {local_task_job_runner.py:222} INFO - ::endgroup::
[2026-01-29T09:28:52.914+0000] {local_task_job_runner.py:120} INFO - ::group::Pre task execution logs
[2026-01-29T09:28:52.960+0000] {taskinstance.py:2076} INFO - Dependencies all met for dep_context=non-requeueable deps ti=<TaskInstance: fluview_ingest.ingest_fluview scheduled__2026-01-18T00:00:00+00:00 [queued]>
[2026-01-29T09:28:52.969+0000] {taskinstance.py:2076} INFO - Dependencies all met for dep_context=requeueable deps ti=<TaskInstance: fluview_ingest.ingest_fluview scheduled__2026-01-18T00:00:00+00:00 [queued]>
[2026-01-29T09:28:52.969+0000] {taskinstance.py:2306} INFO - Starting attempt 1 of 3
[2026-01-29T09:28:52.986+0000] {taskinstance.py:2330} INFO - Executing <Task(PythonOperator): ingest_fluview> on 2026-01-18 00:00:00+00:00
[2026-01-29T09:28:52.991+0000] {standard_task_runner.py:64} INFO - Started process 229 to run task
[2026-01-29T09:28:52.995+0000] {standard_task_runner.py:90} INFO - Running: ['***', 'tasks', 'run', 'fluview_ingest', 'ingest_fluview', 'scheduled__2026-01-18T00:00:00+00:00', '--job-id', '4', '--raw', '--subdir', 'DAGS_FOLDER/fluview_ingest.py', '--cfg-path', '/tmp/tmpitmc3_0j']
[2026-01-29T09:28:52.998+0000] {standard_task_runner.py:91} INFO - Job 4: Subtask ingest_fluview
[2026-01-29T09:28:53.070+0000] {task_command.py:426} INFO - Running <TaskInstance: fluview_ingest.ingest_fluview scheduled__2026-01-18T00:00:00+00:00 [running]> on host 168b5c574a7b
[2026-01-29T09:28:53.345+0000] {taskinstance.py:2648} INFO - Exporting env vars: AIRFLOW_CTX_DAG_OWNER='urbanmove' AIRFLOW_CTX_DAG_ID='fluview_ingest' AIRFLOW_CTX_TASK_ID='ingest_fluview' AIRFLOW_CTX_EXECUTION_DATE='2026-01-18T00:00:00+00:00' AIRFLOW_CTX_TRY_NUMBER='1' AIRFLOW_CTX_DAG_RUN_ID='scheduled__2026-01-18T00:00:00+00:00'
[2026-01-29T09:28:53.346+0000] {taskinstance.py:430} INFO - ::endgroup::
[2026-01-29T09:28:57.423+0000] {logging_mixin.py:188} INFO - Ingest completed: {'latest_issue': 202602, 'epiweeks': '202543-202602', 'rows_ili': 13, 'rows_clinical': 13, 'out_dir': '/opt/***/data/raw/fluview/ingest_date=2026-01-18'}
[2026-01-29T09:28:57.424+0000] {python.py:237} INFO - Done. Returned value was: {'latest_issue': 202602, 'epiweeks': '202543-202602', 'rows_ili': 13, 'rows_clinical': 13, 'out_dir': '/opt/***/data/raw/fluview/ingest_date=2026-01-18'}
[2026-01-29T09:28:57.424+0000] {taskinstance.py:441} INFO - ::group::Post task execution logs
[2026-01-29T09:28:57.459+0000] {taskinstance.py:1206} INFO - Marking task as SUCCESS. dag_id=fluview_ingest, task_id=ingest_fluview, run_id=scheduled__2026-01-18T00:00:00+00:00, execution_date=20260118T000000, start_date=20260129T092852, end_date=20260129T092857
[2026-01-29T09:28:57.517+0000] {local_task_job_runner.py:243} INFO - Task exited with return code 0
[2026-01-29T09:28:57.543+0000] {taskinstance.py:3503} INFO - 0 downstream tasks scheduled from follow-on schedule check
[2026-01-29T09:28:57.550+0000] {local_task_job_runner.py:222} INFO - ::endgroup::
