[2026-01-27T10:57:13.179+0000] {local_task_job_runner.py:120} INFO - ::group::Pre task execution logs
[2026-01-27T10:57:13.276+0000] {taskinstance.py:2076} INFO - Dependencies all met for dep_context=non-requeueable deps ti=<TaskInstance: fluview_ingest_structured.mark_success scheduled__2026-01-18T00:00:00+00:00 [queued]>
[2026-01-27T10:57:13.296+0000] {taskinstance.py:2076} INFO - Dependencies all met for dep_context=requeueable deps ti=<TaskInstance: fluview_ingest_structured.mark_success scheduled__2026-01-18T00:00:00+00:00 [queued]>
[2026-01-27T10:57:13.306+0000] {taskinstance.py:2306} INFO - Starting attempt 1 of 3
[2026-01-27T10:57:13.341+0000] {taskinstance.py:2330} INFO - Executing <Task(_PythonDecoratedOperator): mark_success> on 2026-01-18 00:00:00+00:00
[2026-01-27T10:57:13.351+0000] {standard_task_runner.py:64} INFO - Started process 583 to run task
[2026-01-27T10:57:13.356+0000] {standard_task_runner.py:90} INFO - Running: ['***', 'tasks', 'run', 'fluview_ingest_structured', 'mark_success', 'scheduled__2026-01-18T00:00:00+00:00', '--job-id', '5', '--raw', '--subdir', 'DAGS_FOLDER/fluview_lib.py', '--cfg-path', '/tmp/tmpftvs75se']
[2026-01-27T10:57:13.362+0000] {standard_task_runner.py:91} INFO - Job 5: Subtask mark_success
[2026-01-27T10:57:13.474+0000] {task_command.py:426} INFO - Running <TaskInstance: fluview_ingest_structured.mark_success scheduled__2026-01-18T00:00:00+00:00 [running]> on host c8782a803364
[2026-01-27T10:57:13.836+0000] {abstractoperator.py:725} ERROR - Exception rendering Jinja template for task 'mark_success', field 'op_args'. Template: (XComArg(<Task(_PythonDecoratedOperator): fetch_metadata>),)
Traceback (most recent call last):
  File "/home/airflow/.local/lib/python3.11/site-packages/airflow/models/abstractoperator.py", line 717, in _do_render_template_fields
    rendered_content = self.render_template(
                       ^^^^^^^^^^^^^^^^^^^^^
  File "/home/airflow/.local/lib/python3.11/site-packages/airflow/template/templater.py", line 175, in render_template
    return tuple(self.render_template(element, context, jinja_env, oids) for element in value)
           ^^^^^^^^^^^^^^^^^^^^^^^^^^^^^^^^^^^^^^^^^^^^^^^^^^^^^^^^^^^^^^^^^^^^^^^^^^^^^^^^^^^
  File "/home/airflow/.local/lib/python3.11/site-packages/airflow/template/templater.py", line 175, in <genexpr>
    return tuple(self.render_template(element, context, jinja_env, oids) for element in value)
                 ^^^^^^^^^^^^^^^^^^^^^^^^^^^^^^^^^^^^^^^^^^^^^^^^^^^^^^^
  File "/home/airflow/.local/lib/python3.11/site-packages/airflow/template/templater.py", line 171, in render_template
    return value.resolve(context)
           ^^^^^^^^^^^^^^^^^^^^^^
  File "/home/airflow/.local/lib/python3.11/site-packages/airflow/utils/session.py", line 79, in wrapper
    return func(*args, session=session, **kwargs)
           ^^^^^^^^^^^^^^^^^^^^^^^^^^^^^^^^^^^^^^
  File "/home/airflow/.local/lib/python3.11/site-packages/airflow/models/xcom_arg.py", line 418, in resolve
    result = ti.xcom_pull(
             ^^^^^^^^^^^^^
  File "/home/airflow/.local/lib/python3.11/site-packages/airflow/utils/session.py", line 76, in wrapper
    return func(*args, **kwargs)
           ^^^^^^^^^^^^^^^^^^^^^
  File "/home/airflow/.local/lib/python3.11/site-packages/airflow/models/taskinstance.py", line 3274, in xcom_pull
    return XCom.deserialize_value(first)
           ^^^^^^^^^^^^^^^^^^^^^^^^^^^^^
  File "/home/airflow/.local/lib/python3.11/site-packages/airflow/models/xcom.py", line 705, in deserialize_value
    return BaseXCom._deserialize_value(result, False)
           ^^^^^^^^^^^^^^^^^^^^^^^^^^^^^^^^^^^^^^^^^^
  File "/home/airflow/.local/lib/python3.11/site-packages/airflow/models/xcom.py", line 700, in _deserialize_value
    return json.loads(result.value.decode("UTF-8"), cls=XComDecoder, object_hook=object_hook)
           ^^^^^^^^^^^^^^^^^^^^^^^^^^^^^^^^^^^^^^^^^^^^^^^^^^^^^^^^^^^^^^^^^^^^^^^^^^^^^^^^^^
  File "/usr/local/lib/python3.11/json/__init__.py", line 359, in loads
    return cls(**kw).decode(s)
           ^^^^^^^^^^^^^^^^^^^
  File "/usr/local/lib/python3.11/json/decoder.py", line 337, in decode
    obj, end = self.raw_decode(s, idx=_w(s, 0).end())
               ^^^^^^^^^^^^^^^^^^^^^^^^^^^^^^^^^^^^^^
  File "/usr/local/lib/python3.11/json/decoder.py", line 353, in raw_decode
    obj, end = self.scan_once(s, idx)
               ^^^^^^^^^^^^^^^^^^^^^^
  File "/home/airflow/.local/lib/python3.11/site-packages/airflow/utils/json.py", line 117, in object_hook
    return deserialize(dct)
           ^^^^^^^^^^^^^^^^
  File "/home/airflow/.local/lib/python3.11/site-packages/airflow/serialization/serde.py", line 254, in deserialize
    raise ImportError(
ImportError: unusual_prefix_9684882faf8107da3d58dcbecad229576e0d0672_fluview_lib.IngestContext was not found in allow list for deserialization imports. To allow it, add it to allowed_deserialization_classes in the configuration
[2026-01-27T10:57:13.843+0000] {taskinstance.py:2905} ERROR - Task failed with exception
Traceback (most recent call last):
  File "/home/airflow/.local/lib/python3.11/site-packages/airflow/models/taskinstance.py", line 2479, in _run_raw_task
    self._execute_task_with_callbacks(context, test_mode, session=session)
  File "/home/airflow/.local/lib/python3.11/site-packages/airflow/models/taskinstance.py", line 2633, in _execute_task_with_callbacks
    task_orig = self.render_templates(context=context, jinja_env=jinja_env)
                ^^^^^^^^^^^^^^^^^^^^^^^^^^^^^^^^^^^^^^^^^^^^^^^^^^^^^^^^^^^
  File "/home/airflow/.local/lib/python3.11/site-packages/airflow/models/taskinstance.py", line 3094, in render_templates
    original_task.render_template_fields(context, jinja_env)
  File "/home/airflow/.local/lib/python3.11/site-packages/airflow/models/baseoperator.py", line 1337, in render_template_fields
    self._do_render_template_fields(self, self.template_fields, context, jinja_env, set())
  File "/home/airflow/.local/lib/python3.11/site-packages/airflow/models/abstractoperator.py", line 717, in _do_render_template_fields
    rendered_content = self.render_template(
                       ^^^^^^^^^^^^^^^^^^^^^
  File "/home/airflow/.local/lib/python3.11/site-packages/airflow/template/templater.py", line 175, in render_template
    return tuple(self.render_template(element, context, jinja_env, oids) for element in value)
           ^^^^^^^^^^^^^^^^^^^^^^^^^^^^^^^^^^^^^^^^^^^^^^^^^^^^^^^^^^^^^^^^^^^^^^^^^^^^^^^^^^^
  File "/home/airflow/.local/lib/python3.11/site-packages/airflow/template/templater.py", line 175, in <genexpr>
    return tuple(self.render_template(element, context, jinja_env, oids) for element in value)
                 ^^^^^^^^^^^^^^^^^^^^^^^^^^^^^^^^^^^^^^^^^^^^^^^^^^^^^^^
  File "/home/airflow/.local/lib/python3.11/site-packages/airflow/template/templater.py", line 171, in render_template
    return value.resolve(context)
           ^^^^^^^^^^^^^^^^^^^^^^
  File "/home/airflow/.local/lib/python3.11/site-packages/airflow/utils/session.py", line 79, in wrapper
    return func(*args, session=session, **kwargs)
           ^^^^^^^^^^^^^^^^^^^^^^^^^^^^^^^^^^^^^^
  File "/home/airflow/.local/lib/python3.11/site-packages/airflow/models/xcom_arg.py", line 418, in resolve
    result = ti.xcom_pull(
             ^^^^^^^^^^^^^
  File "/home/airflow/.local/lib/python3.11/site-packages/airflow/utils/session.py", line 76, in wrapper
    return func(*args, **kwargs)
           ^^^^^^^^^^^^^^^^^^^^^
  File "/home/airflow/.local/lib/python3.11/site-packages/airflow/models/taskinstance.py", line 3274, in xcom_pull
    return XCom.deserialize_value(first)
           ^^^^^^^^^^^^^^^^^^^^^^^^^^^^^
  File "/home/airflow/.local/lib/python3.11/site-packages/airflow/models/xcom.py", line 705, in deserialize_value
    return BaseXCom._deserialize_value(result, False)
           ^^^^^^^^^^^^^^^^^^^^^^^^^^^^^^^^^^^^^^^^^^
  File "/home/airflow/.local/lib/python3.11/site-packages/airflow/models/xcom.py", line 700, in _deserialize_value
    return json.loads(result.value.decode("UTF-8"), cls=XComDecoder, object_hook=object_hook)
           ^^^^^^^^^^^^^^^^^^^^^^^^^^^^^^^^^^^^^^^^^^^^^^^^^^^^^^^^^^^^^^^^^^^^^^^^^^^^^^^^^^
  File "/usr/local/lib/python3.11/json/__init__.py", line 359, in loads
    return cls(**kw).decode(s)
           ^^^^^^^^^^^^^^^^^^^
  File "/usr/local/lib/python3.11/json/decoder.py", line 337, in decode
    obj, end = self.raw_decode(s, idx=_w(s, 0).end())
               ^^^^^^^^^^^^^^^^^^^^^^^^^^^^^^^^^^^^^^
  File "/usr/local/lib/python3.11/json/decoder.py", line 353, in raw_decode
    obj, end = self.scan_once(s, idx)
               ^^^^^^^^^^^^^^^^^^^^^^
  File "/home/airflow/.local/lib/python3.11/site-packages/airflow/utils/json.py", line 117, in object_hook
    return deserialize(dct)
           ^^^^^^^^^^^^^^^^
  File "/home/airflow/.local/lib/python3.11/site-packages/airflow/serialization/serde.py", line 254, in deserialize
    raise ImportError(
ImportError: unusual_prefix_9684882faf8107da3d58dcbecad229576e0d0672_fluview_lib.IngestContext was not found in allow list for deserialization imports. To allow it, add it to allowed_deserialization_classes in the configuration
[2026-01-27T10:57:13.864+0000] {taskinstance.py:1206} INFO - Marking task as UP_FOR_RETRY. dag_id=fluview_ingest_structured, task_id=mark_success, run_id=scheduled__2026-01-18T00:00:00+00:00, execution_date=20260118T000000, start_date=20260127T105713, end_date=20260127T105713
[2026-01-27T10:57:13.886+0000] {standard_task_runner.py:110} ERROR - Failed to execute job 5 for task mark_success (unusual_prefix_9684882faf8107da3d58dcbecad229576e0d0672_fluview_lib.IngestContext was not found in allow list for deserialization imports. To allow it, add it to allowed_deserialization_classes in the configuration; 583)
[2026-01-27T10:57:13.930+0000] {local_task_job_runner.py:243} INFO - Task exited with return code 1
[2026-01-27T10:57:13.956+0000] {taskinstance.py:3503} INFO - 0 downstream tasks scheduled from follow-on schedule check
[2026-01-27T10:57:13.963+0000] {local_task_job_runner.py:222} INFO - ::endgroup::
[2026-01-27T11:20:22.127+0000] {local_task_job_runner.py:120} INFO - ::group::Pre task execution logs
[2026-01-27T11:20:22.163+0000] {taskinstance.py:2076} INFO - Dependencies all met for dep_context=non-requeueable deps ti=<TaskInstance: fluview_ingest_structured.mark_success scheduled__2026-01-18T00:00:00+00:00 [queued]>
[2026-01-27T11:20:22.174+0000] {taskinstance.py:2076} INFO - Dependencies all met for dep_context=requeueable deps ti=<TaskInstance: fluview_ingest_structured.mark_success scheduled__2026-01-18T00:00:00+00:00 [queued]>
[2026-01-27T11:20:22.175+0000] {taskinstance.py:2306} INFO - Starting attempt 1 of 3
[2026-01-27T11:20:22.191+0000] {taskinstance.py:2330} INFO - Executing <Task(_PythonDecoratedOperator): mark_success> on 2026-01-18 00:00:00+00:00
[2026-01-27T11:20:22.197+0000] {standard_task_runner.py:64} INFO - Started process 383 to run task
[2026-01-27T11:20:22.201+0000] {standard_task_runner.py:90} INFO - Running: ['***', 'tasks', 'run', 'fluview_ingest_structured', 'mark_success', 'scheduled__2026-01-18T00:00:00+00:00', '--job-id', '5', '--raw', '--subdir', 'DAGS_FOLDER/fluview_lib.py', '--cfg-path', '/tmp/tmp0fwdgw8f']
[2026-01-27T11:20:22.204+0000] {standard_task_runner.py:91} INFO - Job 5: Subtask mark_success
[2026-01-27T11:20:22.290+0000] {task_command.py:426} INFO - Running <TaskInstance: fluview_ingest_structured.mark_success scheduled__2026-01-18T00:00:00+00:00 [running]> on host b033199fcba4
[2026-01-27T11:20:22.570+0000] {abstractoperator.py:725} ERROR - Exception rendering Jinja template for task 'mark_success', field 'op_args'. Template: (XComArg(<Task(_PythonDecoratedOperator): fetch_metadata>),)
Traceback (most recent call last):
  File "/home/airflow/.local/lib/python3.11/site-packages/airflow/models/abstractoperator.py", line 717, in _do_render_template_fields
    rendered_content = self.render_template(
                       ^^^^^^^^^^^^^^^^^^^^^
  File "/home/airflow/.local/lib/python3.11/site-packages/airflow/template/templater.py", line 175, in render_template
    return tuple(self.render_template(element, context, jinja_env, oids) for element in value)
           ^^^^^^^^^^^^^^^^^^^^^^^^^^^^^^^^^^^^^^^^^^^^^^^^^^^^^^^^^^^^^^^^^^^^^^^^^^^^^^^^^^^
  File "/home/airflow/.local/lib/python3.11/site-packages/airflow/template/templater.py", line 175, in <genexpr>
    return tuple(self.render_template(element, context, jinja_env, oids) for element in value)
                 ^^^^^^^^^^^^^^^^^^^^^^^^^^^^^^^^^^^^^^^^^^^^^^^^^^^^^^^
  File "/home/airflow/.local/lib/python3.11/site-packages/airflow/template/templater.py", line 171, in render_template
    return value.resolve(context)
           ^^^^^^^^^^^^^^^^^^^^^^
  File "/home/airflow/.local/lib/python3.11/site-packages/airflow/utils/session.py", line 79, in wrapper
    return func(*args, session=session, **kwargs)
           ^^^^^^^^^^^^^^^^^^^^^^^^^^^^^^^^^^^^^^
  File "/home/airflow/.local/lib/python3.11/site-packages/airflow/models/xcom_arg.py", line 418, in resolve
    result = ti.xcom_pull(
             ^^^^^^^^^^^^^
  File "/home/airflow/.local/lib/python3.11/site-packages/airflow/utils/session.py", line 76, in wrapper
    return func(*args, **kwargs)
           ^^^^^^^^^^^^^^^^^^^^^
  File "/home/airflow/.local/lib/python3.11/site-packages/airflow/models/taskinstance.py", line 3274, in xcom_pull
    return XCom.deserialize_value(first)
           ^^^^^^^^^^^^^^^^^^^^^^^^^^^^^
  File "/home/airflow/.local/lib/python3.11/site-packages/airflow/models/xcom.py", line 705, in deserialize_value
    return BaseXCom._deserialize_value(result, False)
           ^^^^^^^^^^^^^^^^^^^^^^^^^^^^^^^^^^^^^^^^^^
  File "/home/airflow/.local/lib/python3.11/site-packages/airflow/models/xcom.py", line 700, in _deserialize_value
    return json.loads(result.value.decode("UTF-8"), cls=XComDecoder, object_hook=object_hook)
           ^^^^^^^^^^^^^^^^^^^^^^^^^^^^^^^^^^^^^^^^^^^^^^^^^^^^^^^^^^^^^^^^^^^^^^^^^^^^^^^^^^
  File "/usr/local/lib/python3.11/json/__init__.py", line 359, in loads
    return cls(**kw).decode(s)
           ^^^^^^^^^^^^^^^^^^^
  File "/usr/local/lib/python3.11/json/decoder.py", line 337, in decode
    obj, end = self.raw_decode(s, idx=_w(s, 0).end())
               ^^^^^^^^^^^^^^^^^^^^^^^^^^^^^^^^^^^^^^
  File "/usr/local/lib/python3.11/json/decoder.py", line 353, in raw_decode
    obj, end = self.scan_once(s, idx)
               ^^^^^^^^^^^^^^^^^^^^^^
  File "/home/airflow/.local/lib/python3.11/site-packages/airflow/utils/json.py", line 117, in object_hook
    return deserialize(dct)
           ^^^^^^^^^^^^^^^^
  File "/home/airflow/.local/lib/python3.11/site-packages/airflow/serialization/serde.py", line 254, in deserialize
    raise ImportError(
ImportError: unusual_prefix_9684882faf8107da3d58dcbecad229576e0d0672_fluview_lib.IngestContext was not found in allow list for deserialization imports. To allow it, add it to allowed_deserialization_classes in the configuration
[2026-01-27T11:20:22.575+0000] {taskinstance.py:2905} ERROR - Task failed with exception
Traceback (most recent call last):
  File "/home/airflow/.local/lib/python3.11/site-packages/airflow/models/taskinstance.py", line 2479, in _run_raw_task
    self._execute_task_with_callbacks(context, test_mode, session=session)
  File "/home/airflow/.local/lib/python3.11/site-packages/airflow/models/taskinstance.py", line 2633, in _execute_task_with_callbacks
    task_orig = self.render_templates(context=context, jinja_env=jinja_env)
                ^^^^^^^^^^^^^^^^^^^^^^^^^^^^^^^^^^^^^^^^^^^^^^^^^^^^^^^^^^^
  File "/home/airflow/.local/lib/python3.11/site-packages/airflow/models/taskinstance.py", line 3094, in render_templates
    original_task.render_template_fields(context, jinja_env)
  File "/home/airflow/.local/lib/python3.11/site-packages/airflow/models/baseoperator.py", line 1337, in render_template_fields
    self._do_render_template_fields(self, self.template_fields, context, jinja_env, set())
  File "/home/airflow/.local/lib/python3.11/site-packages/airflow/models/abstractoperator.py", line 717, in _do_render_template_fields
    rendered_content = self.render_template(
                       ^^^^^^^^^^^^^^^^^^^^^
  File "/home/airflow/.local/lib/python3.11/site-packages/airflow/template/templater.py", line 175, in render_template
    return tuple(self.render_template(element, context, jinja_env, oids) for element in value)
           ^^^^^^^^^^^^^^^^^^^^^^^^^^^^^^^^^^^^^^^^^^^^^^^^^^^^^^^^^^^^^^^^^^^^^^^^^^^^^^^^^^^
  File "/home/airflow/.local/lib/python3.11/site-packages/airflow/template/templater.py", line 175, in <genexpr>
    return tuple(self.render_template(element, context, jinja_env, oids) for element in value)
                 ^^^^^^^^^^^^^^^^^^^^^^^^^^^^^^^^^^^^^^^^^^^^^^^^^^^^^^^
  File "/home/airflow/.local/lib/python3.11/site-packages/airflow/template/templater.py", line 171, in render_template
    return value.resolve(context)
           ^^^^^^^^^^^^^^^^^^^^^^
  File "/home/airflow/.local/lib/python3.11/site-packages/airflow/utils/session.py", line 79, in wrapper
    return func(*args, session=session, **kwargs)
           ^^^^^^^^^^^^^^^^^^^^^^^^^^^^^^^^^^^^^^
  File "/home/airflow/.local/lib/python3.11/site-packages/airflow/models/xcom_arg.py", line 418, in resolve
    result = ti.xcom_pull(
             ^^^^^^^^^^^^^
  File "/home/airflow/.local/lib/python3.11/site-packages/airflow/utils/session.py", line 76, in wrapper
    return func(*args, **kwargs)
           ^^^^^^^^^^^^^^^^^^^^^
  File "/home/airflow/.local/lib/python3.11/site-packages/airflow/models/taskinstance.py", line 3274, in xcom_pull
    return XCom.deserialize_value(first)
           ^^^^^^^^^^^^^^^^^^^^^^^^^^^^^
  File "/home/airflow/.local/lib/python3.11/site-packages/airflow/models/xcom.py", line 705, in deserialize_value
    return BaseXCom._deserialize_value(result, False)
           ^^^^^^^^^^^^^^^^^^^^^^^^^^^^^^^^^^^^^^^^^^
  File "/home/airflow/.local/lib/python3.11/site-packages/airflow/models/xcom.py", line 700, in _deserialize_value
    return json.loads(result.value.decode("UTF-8"), cls=XComDecoder, object_hook=object_hook)
           ^^^^^^^^^^^^^^^^^^^^^^^^^^^^^^^^^^^^^^^^^^^^^^^^^^^^^^^^^^^^^^^^^^^^^^^^^^^^^^^^^^
  File "/usr/local/lib/python3.11/json/__init__.py", line 359, in loads
    return cls(**kw).decode(s)
           ^^^^^^^^^^^^^^^^^^^
  File "/usr/local/lib/python3.11/json/decoder.py", line 337, in decode
    obj, end = self.raw_decode(s, idx=_w(s, 0).end())
               ^^^^^^^^^^^^^^^^^^^^^^^^^^^^^^^^^^^^^^
  File "/usr/local/lib/python3.11/json/decoder.py", line 353, in raw_decode
    obj, end = self.scan_once(s, idx)
               ^^^^^^^^^^^^^^^^^^^^^^
  File "/home/airflow/.local/lib/python3.11/site-packages/airflow/utils/json.py", line 117, in object_hook
    return deserialize(dct)
           ^^^^^^^^^^^^^^^^
  File "/home/airflow/.local/lib/python3.11/site-packages/airflow/serialization/serde.py", line 254, in deserialize
    raise ImportError(
ImportError: unusual_prefix_9684882faf8107da3d58dcbecad229576e0d0672_fluview_lib.IngestContext was not found in allow list for deserialization imports. To allow it, add it to allowed_deserialization_classes in the configuration
[2026-01-27T11:20:22.590+0000] {taskinstance.py:1206} INFO - Marking task as UP_FOR_RETRY. dag_id=fluview_ingest_structured, task_id=mark_success, run_id=scheduled__2026-01-18T00:00:00+00:00, execution_date=20260118T000000, start_date=20260127T112022, end_date=20260127T112022
[2026-01-27T11:20:22.614+0000] {standard_task_runner.py:110} ERROR - Failed to execute job 5 for task mark_success (unusual_prefix_9684882faf8107da3d58dcbecad229576e0d0672_fluview_lib.IngestContext was not found in allow list for deserialization imports. To allow it, add it to allowed_deserialization_classes in the configuration; 383)
[2026-01-27T11:20:22.656+0000] {local_task_job_runner.py:243} INFO - Task exited with return code 1
[2026-01-27T11:20:22.688+0000] {taskinstance.py:3503} INFO - 0 downstream tasks scheduled from follow-on schedule check
[2026-01-27T11:20:22.697+0000] {local_task_job_runner.py:222} INFO - ::endgroup::
