[2026-01-29T09:28:22.870+0000] {local_task_job_runner.py:120} INFO - ::group::Pre task execution logs
[2026-01-29T09:28:22.946+0000] {taskinstance.py:2076} INFO - Dependencies all met for dep_context=non-requeueable deps ti=<TaskInstance: fluview_weekly_etl.wait_for_raw manual__2026-01-29T09:28:01.803250+00:00 [queued]>
[2026-01-29T09:28:22.960+0000] {taskinstance.py:2076} INFO - Dependencies all met for dep_context=requeueable deps ti=<TaskInstance: fluview_weekly_etl.wait_for_raw manual__2026-01-29T09:28:01.803250+00:00 [queued]>
[2026-01-29T09:28:22.963+0000] {taskinstance.py:2306} INFO - Starting attempt 1 of 2
[2026-01-29T09:28:22.985+0000] {taskinstance.py:2330} INFO - Executing <Task(FileSensor): wait_for_raw> on 2026-01-29 09:28:01.803250+00:00
[2026-01-29T09:28:22.992+0000] {standard_task_runner.py:64} INFO - Started process 212 to run task
[2026-01-29T09:28:22.995+0000] {standard_task_runner.py:90} INFO - Running: ['***', 'tasks', 'run', 'fluview_weekly_etl', 'wait_for_raw', 'manual__2026-01-29T09:28:01.803250+00:00', '--job-id', '3', '--raw', '--subdir', 'DAGS_FOLDER/fluview_weekly_etl.py', '--cfg-path', '/tmp/tmpsjezkrl2']
[2026-01-29T09:28:22.999+0000] {standard_task_runner.py:91} INFO - Job 3: Subtask wait_for_raw
[2026-01-29T09:28:23.091+0000] {task_command.py:426} INFO - Running <TaskInstance: fluview_weekly_etl.wait_for_raw manual__2026-01-29T09:28:01.803250+00:00 [running]> on host 168b5c574a7b
[2026-01-29T09:28:23.489+0000] {taskinstance.py:2648} INFO - Exporting env vars: AIRFLOW_CTX_DAG_OWNER='***' AIRFLOW_CTX_DAG_ID='fluview_weekly_etl' AIRFLOW_CTX_TASK_ID='wait_for_raw' AIRFLOW_CTX_EXECUTION_DATE='2026-01-29T09:28:01.803250+00:00' AIRFLOW_CTX_TRY_NUMBER='1' AIRFLOW_CTX_DAG_RUN_ID='manual__2026-01-29T09:28:01.803250+00:00'
[2026-01-29T09:28:23.490+0000] {taskinstance.py:430} INFO - ::endgroup::
[2026-01-29T09:28:23.507+0000] {baseoperator.py:400} WARNING - FileSensor.execute cannot be called outside TaskInstance!
[2026-01-29T09:28:23.518+0000] {taskinstance.py:441} INFO - ::group::Post task execution logs
[2026-01-29T09:28:23.529+0000] {taskinstance.py:2905} ERROR - Task failed with exception
Traceback (most recent call last):
  File "/home/airflow/.local/lib/python3.11/site-packages/airflow/models/taskinstance.py", line 465, in _execute_task
    result = _execute_callable(context=context, **execute_callable_kwargs)
             ^^^^^^^^^^^^^^^^^^^^^^^^^^^^^^^^^^^^^^^^^^^^^^^^^^^^^^^^^^^^^
  File "/home/airflow/.local/lib/python3.11/site-packages/airflow/models/taskinstance.py", line 432, in _execute_callable
    return execute_callable(context=context, **execute_callable_kwargs)
           ^^^^^^^^^^^^^^^^^^^^^^^^^^^^^^^^^^^^^^^^^^^^^^^^^^^^^^^^^^^^
  File "/home/airflow/.local/lib/python3.11/site-packages/airflow/models/baseoperator.py", line 401, in wrapper
    return func(self, *args, **kwargs)
           ^^^^^^^^^^^^^^^^^^^^^^^^^^^
  File "/home/airflow/.local/lib/python3.11/site-packages/airflow/sensors/filesystem.py", line 99, in execute
    super().execute(context=context)
  File "/home/airflow/.local/lib/python3.11/site-packages/airflow/models/baseoperator.py", line 401, in wrapper
    return func(self, *args, **kwargs)
           ^^^^^^^^^^^^^^^^^^^^^^^^^^^
  File "/home/airflow/.local/lib/python3.11/site-packages/airflow/sensors/base.py", line 264, in execute
    raise e
  File "/home/airflow/.local/lib/python3.11/site-packages/airflow/sensors/base.py", line 246, in execute
    poke_return = self.poke(context)
                  ^^^^^^^^^^^^^^^^^^
  File "/home/airflow/.local/lib/python3.11/site-packages/airflow/sensors/filesystem.py", line 85, in poke
    self.log.info("Poking for file %s", self.path)
                                        ^^^^^^^^^
  File "/usr/local/lib/python3.11/functools.py", line 1001, in __get__
    val = self.func(instance)
          ^^^^^^^^^^^^^^^^^^^
  File "/home/airflow/.local/lib/python3.11/site-packages/airflow/sensors/filesystem.py", line 79, in path
    hook = FSHook(self.fs_conn_id)
           ^^^^^^^^^^^^^^^^^^^^^^^
  File "/home/airflow/.local/lib/python3.11/site-packages/airflow/hooks/filesystem.py", line 64, in __init__
    conn = self.get_connection(fs_conn_id)
           ^^^^^^^^^^^^^^^^^^^^^^^^^^^^^^^
  File "/home/airflow/.local/lib/python3.11/site-packages/airflow/hooks/base.py", line 83, in get_connection
    conn = Connection.get_connection_from_secrets(conn_id)
           ^^^^^^^^^^^^^^^^^^^^^^^^^^^^^^^^^^^^^^^^^^^^^^^
  File "/home/airflow/.local/lib/python3.11/site-packages/airflow/models/connection.py", line 519, in get_connection_from_secrets
    raise AirflowNotFoundException(f"The conn_id `{conn_id}` isn't defined")
airflow.exceptions.AirflowNotFoundException: The conn_id `fs_default` isn't defined
[2026-01-29T09:28:23.533+0000] {taskinstance.py:1206} INFO - Marking task as UP_FOR_RETRY. dag_id=fluview_weekly_etl, task_id=wait_for_raw, run_id=manual__2026-01-29T09:28:01.803250+00:00, execution_date=20260129T092801, start_date=20260129T092822, end_date=20260129T092823
[2026-01-29T09:28:23.548+0000] {standard_task_runner.py:110} ERROR - Failed to execute job 3 for task wait_for_raw (The conn_id `fs_default` isn't defined; 212)
[2026-01-29T09:28:23.571+0000] {local_task_job_runner.py:243} INFO - Task exited with return code 1
[2026-01-29T09:28:23.600+0000] {taskinstance.py:3503} INFO - 0 downstream tasks scheduled from follow-on schedule check
[2026-01-29T09:28:23.607+0000] {local_task_job_runner.py:222} INFO - ::endgroup::
