[2026-01-27T11:48:31.606+0000] {local_task_job_runner.py:120} INFO - ::group::Pre task execution logs
[2026-01-27T11:48:31.643+0000] {taskinstance.py:2076} INFO - Dependencies all met for dep_context=non-requeueable deps ti=<TaskInstance: fluview_weekly_etl.spark_clean manual__2026-01-27T11:48:29.792302+00:00 [queued]>
[2026-01-27T11:48:31.654+0000] {taskinstance.py:2076} INFO - Dependencies all met for dep_context=requeueable deps ti=<TaskInstance: fluview_weekly_etl.spark_clean manual__2026-01-27T11:48:29.792302+00:00 [queued]>
[2026-01-27T11:48:31.656+0000] {taskinstance.py:2306} INFO - Starting attempt 1 of 1
[2026-01-27T11:48:31.671+0000] {taskinstance.py:2330} INFO - Executing <Task(SparkSubmitOperator): spark_clean> on 2026-01-27 11:48:29.792302+00:00
[2026-01-27T11:48:31.677+0000] {standard_task_runner.py:64} INFO - Started process 197 to run task
[2026-01-27T11:48:31.680+0000] {standard_task_runner.py:90} INFO - Running: ['***', 'tasks', 'run', 'fluview_weekly_etl', 'spark_clean', 'manual__2026-01-27T11:48:29.792302+00:00', '--job-id', '33', '--raw', '--subdir', 'DAGS_FOLDER/fluview_weekly_etl.py', '--cfg-path', '/tmp/tmp8i06dn8u']
[2026-01-27T11:48:31.682+0000] {standard_task_runner.py:91} INFO - Job 33: Subtask spark_clean
[2026-01-27T11:48:31.744+0000] {task_command.py:426} INFO - Running <TaskInstance: fluview_weekly_etl.spark_clean manual__2026-01-27T11:48:29.792302+00:00 [running]> on host b033199fcba4
[2026-01-27T11:48:31.843+0000] {taskinstance.py:2648} INFO - Exporting env vars: AIRFLOW_CTX_DAG_OWNER='***' AIRFLOW_CTX_DAG_ID='fluview_weekly_etl' AIRFLOW_CTX_TASK_ID='spark_clean' AIRFLOW_CTX_EXECUTION_DATE='2026-01-27T11:48:29.792302+00:00' AIRFLOW_CTX_TRY_NUMBER='1' AIRFLOW_CTX_DAG_RUN_ID='manual__2026-01-27T11:48:29.792302+00:00'
[2026-01-27T11:48:31.845+0000] {taskinstance.py:430} INFO - ::endgroup::
[2026-01-27T11:48:31.875+0000] {spark_submit.py:304} INFO - Could not load connection string spark_standalone, defaulting to yarn
[2026-01-27T11:48:31.878+0000] {spark_submit.py:473} INFO - Spark-Submit cmd: spark-submit --master yarn --name fluview-clean --verbose /jars/fluview-etl.jar --mode=clean --raw=/opt/***/data/raw/fluview/ingest_date=2026-01-27 --clean=/opt/***/data/clean/fluview/ingest_date=2026-01-27
[2026-01-27T11:48:31.912+0000] {spark_submit.py:634} INFO - /opt/spark/bin/load-spark-env.sh: line 68: ps: command not found
[2026-01-27T11:48:34.956+0000] {spark_submit.py:634} INFO - Using properties file: null
[2026-01-27T11:48:35.153+0000] {spark_submit.py:634} INFO - Exception in thread "main" org.apache.spark.SparkException: When running with master 'yarn' either HADOOP_CONF_DIR or YARN_CONF_DIR must be set in the environment.
[2026-01-27T11:48:35.153+0000] {spark_submit.py:634} INFO - at org.apache.spark.deploy.SparkSubmitArguments.error(SparkSubmitArguments.scala:650)
[2026-01-27T11:48:35.154+0000] {spark_submit.py:634} INFO - at org.apache.spark.deploy.SparkSubmitArguments.validateSubmitArguments(SparkSubmitArguments.scala:281)
[2026-01-27T11:48:35.154+0000] {spark_submit.py:634} INFO - at org.apache.spark.deploy.SparkSubmitArguments.validateArguments(SparkSubmitArguments.scala:237)
[2026-01-27T11:48:35.155+0000] {spark_submit.py:634} INFO - at org.apache.spark.deploy.SparkSubmitArguments.<init>(SparkSubmitArguments.scala:122)
[2026-01-27T11:48:35.156+0000] {spark_submit.py:634} INFO - at org.apache.spark.deploy.SparkSubmit$$anon$2$$anon$3.<init>(SparkSubmit.scala:1103)
[2026-01-27T11:48:35.156+0000] {spark_submit.py:634} INFO - at org.apache.spark.deploy.SparkSubmit$$anon$2.parseArguments(SparkSubmit.scala:1103)
[2026-01-27T11:48:35.157+0000] {spark_submit.py:634} INFO - at org.apache.spark.deploy.SparkSubmit.doSubmit(SparkSubmit.scala:86)
[2026-01-27T11:48:35.158+0000] {spark_submit.py:634} INFO - at org.apache.spark.deploy.SparkSubmit$$anon$2.doSubmit(SparkSubmit.scala:1120)
[2026-01-27T11:48:35.158+0000] {spark_submit.py:634} INFO - at org.apache.spark.deploy.SparkSubmit$.main(SparkSubmit.scala:1129)
[2026-01-27T11:48:35.159+0000] {spark_submit.py:634} INFO - at org.apache.spark.deploy.SparkSubmit.main(SparkSubmit.scala)
[2026-01-27T11:48:35.217+0000] {taskinstance.py:441} INFO - ::group::Post task execution logs
[2026-01-27T11:48:35.355+0000] {taskinstance.py:2905} ERROR - Task failed with exception
Traceback (most recent call last):
  File "/home/airflow/.local/lib/python3.11/site-packages/airflow/models/taskinstance.py", line 465, in _execute_task
    result = _execute_callable(context=context, **execute_callable_kwargs)
             ^^^^^^^^^^^^^^^^^^^^^^^^^^^^^^^^^^^^^^^^^^^^^^^^^^^^^^^^^^^^^
  File "/home/airflow/.local/lib/python3.11/site-packages/airflow/models/taskinstance.py", line 432, in _execute_callable
    return execute_callable(context=context, **execute_callable_kwargs)
           ^^^^^^^^^^^^^^^^^^^^^^^^^^^^^^^^^^^^^^^^^^^^^^^^^^^^^^^^^^^^
  File "/home/airflow/.local/lib/python3.11/site-packages/airflow/models/baseoperator.py", line 401, in wrapper
    return func(self, *args, **kwargs)
           ^^^^^^^^^^^^^^^^^^^^^^^^^^^
  File "/home/airflow/.local/lib/python3.11/site-packages/airflow/providers/apache/spark/operators/spark_submit.py", line 176, in execute
    self._hook.submit(self.application)
  File "/home/airflow/.local/lib/python3.11/site-packages/airflow/providers/apache/spark/hooks/spark_submit.py", line 560, in submit
    raise AirflowException(
airflow.exceptions.AirflowException: Cannot execute: spark-submit --master yarn --name fluview-clean --verbose /jars/fluview-etl.jar --mode=clean --raw=/opt/***/data/raw/fluview/ingest_date=2026-01-27 --clean=/opt/***/data/clean/fluview/ingest_date=2026-01-27. Error code is: 1.
[2026-01-27T11:48:35.363+0000] {taskinstance.py:1206} INFO - Marking task as FAILED. dag_id=fluview_weekly_etl, task_id=spark_clean, run_id=manual__2026-01-27T11:48:29.792302+00:00, execution_date=20260127T114829, start_date=20260127T114831, end_date=20260127T114835
[2026-01-27T11:48:35.578+0000] {standard_task_runner.py:110} ERROR - Failed to execute job 33 for task spark_clean (Cannot execute: spark-submit --master yarn --name fluview-clean --verbose /jars/fluview-etl.jar --mode=clean --raw=/opt/***/data/raw/fluview/ingest_date=2026-01-27 --clean=/opt/***/data/clean/fluview/ingest_date=2026-01-27. Error code is: 1.; 197)
[2026-01-27T11:48:35.607+0000] {local_task_job_runner.py:243} INFO - Task exited with return code 1
[2026-01-27T11:48:35.624+0000] {taskinstance.py:3503} INFO - 0 downstream tasks scheduled from follow-on schedule check
[2026-01-27T11:48:35.938+0000] {local_task_job_runner.py:222} INFO - ::endgroup::
