[2026-01-28T17:17:48.141+0000] {local_task_job_runner.py:120} INFO - ::group::Pre task execution logs
[2026-01-28T17:17:48.206+0000] {taskinstance.py:2076} INFO - Dependencies all met for dep_context=non-requeueable deps ti=<TaskInstance: fluview_weekly_etl.spark_clean manual__2026-01-28T17:17:45.810456+00:00 [queued]>
[2026-01-28T17:17:48.227+0000] {taskinstance.py:2076} INFO - Dependencies all met for dep_context=requeueable deps ti=<TaskInstance: fluview_weekly_etl.spark_clean manual__2026-01-28T17:17:45.810456+00:00 [queued]>
[2026-01-28T17:17:48.229+0000] {taskinstance.py:2306} INFO - Starting attempt 1 of 2
[2026-01-28T17:17:48.256+0000] {taskinstance.py:2330} INFO - Executing <Task(SparkSubmitOperator): spark_clean> on 2026-01-28 17:17:45.810456+00:00
[2026-01-28T17:17:48.272+0000] {standard_task_runner.py:64} INFO - Started process 2336 to run task
[2026-01-28T17:17:48.278+0000] {standard_task_runner.py:90} INFO - Running: ['***', 'tasks', 'run', 'fluview_weekly_etl', 'spark_clean', 'manual__2026-01-28T17:17:45.810456+00:00', '--job-id', '48', '--raw', '--subdir', 'DAGS_FOLDER/fluview_weekly_etl.py', '--cfg-path', '/tmp/tmp1lwhg_4u']
[2026-01-28T17:17:48.282+0000] {standard_task_runner.py:91} INFO - Job 48: Subtask spark_clean
[2026-01-28T17:17:48.361+0000] {task_command.py:426} INFO - Running <TaskInstance: fluview_weekly_etl.spark_clean manual__2026-01-28T17:17:45.810456+00:00 [running]> on host b033199fcba4
[2026-01-28T17:17:48.456+0000] {taskinstance.py:2648} INFO - Exporting env vars: AIRFLOW_CTX_DAG_OWNER='***' AIRFLOW_CTX_DAG_ID='fluview_weekly_etl' AIRFLOW_CTX_TASK_ID='spark_clean' AIRFLOW_CTX_EXECUTION_DATE='2026-01-28T17:17:45.810456+00:00' AIRFLOW_CTX_TRY_NUMBER='1' AIRFLOW_CTX_DAG_RUN_ID='manual__2026-01-28T17:17:45.810456+00:00'
[2026-01-28T17:17:48.457+0000] {taskinstance.py:430} INFO - ::endgroup::
[2026-01-28T17:17:48.482+0000] {base.py:84} INFO - Using connection ID 'spark_standalone' for task execution.
[2026-01-28T17:17:48.483+0000] {spark_submit.py:473} INFO - Spark-Submit cmd: spark-submit --master spark://spark-master:7077 --name fluview-clean --class com.sparkhealth.SparkHealthETL --verbose /jars/spark-health_2.12-0.1.0.jar --mode clean --raw /opt/***/data/raw/fluview/ingest_date=2026-01-28 --clean /opt/***/data/clean/fluview/ingest_date=2026-01-28
[2026-01-28T17:17:48.501+0000] {spark_submit.py:634} INFO - /opt/spark/bin/load-spark-env.sh: line 68: ps: command not found
[2026-01-28T17:17:49.921+0000] {spark_submit.py:634} INFO - Using properties file: null
[2026-01-28T17:17:50.035+0000] {spark_submit.py:634} INFO - Parsed arguments:
[2026-01-28T17:17:50.035+0000] {spark_submit.py:634} INFO - master                  spark://spark-master:7077
[2026-01-28T17:17:50.036+0000] {spark_submit.py:634} INFO - remote                  null
[2026-01-28T17:17:50.037+0000] {spark_submit.py:634} INFO - deployMode              null
[2026-01-28T17:17:50.037+0000] {spark_submit.py:634} INFO - executorMemory          null
[2026-01-28T17:17:50.037+0000] {spark_submit.py:634} INFO - executorCores           null
[2026-01-28T17:17:50.038+0000] {spark_submit.py:634} INFO - totalExecutorCores      null
[2026-01-28T17:17:50.038+0000] {spark_submit.py:634} INFO - propertiesFile          null
[2026-01-28T17:17:50.038+0000] {spark_submit.py:634} INFO - driverMemory            null
[2026-01-28T17:17:50.039+0000] {spark_submit.py:634} INFO - driverCores             null
[2026-01-28T17:17:50.039+0000] {spark_submit.py:634} INFO - driverExtraClassPath    null
[2026-01-28T17:17:50.039+0000] {spark_submit.py:634} INFO - driverExtraLibraryPath  null
[2026-01-28T17:17:50.040+0000] {spark_submit.py:634} INFO - driverExtraJavaOptions  null
[2026-01-28T17:17:50.040+0000] {spark_submit.py:634} INFO - supervise               false
[2026-01-28T17:17:50.040+0000] {spark_submit.py:634} INFO - queue                   null
[2026-01-28T17:17:50.041+0000] {spark_submit.py:634} INFO - numExecutors            null
[2026-01-28T17:17:50.041+0000] {spark_submit.py:634} INFO - files                   null
[2026-01-28T17:17:50.042+0000] {spark_submit.py:634} INFO - pyFiles                 null
[2026-01-28T17:17:50.042+0000] {spark_submit.py:634} INFO - archives                null
[2026-01-28T17:17:50.042+0000] {spark_submit.py:634} INFO - mainClass               com.sparkhealth.SparkHealthETL
[2026-01-28T17:17:50.043+0000] {spark_submit.py:634} INFO - primaryResource         file:/jars/spark-health_2.12-0.1.0.jar
[2026-01-28T17:17:50.043+0000] {spark_submit.py:634} INFO - name                    fluview-clean
[2026-01-28T17:17:50.043+0000] {spark_submit.py:634} INFO - childArgs               [--mode clean --raw /opt/***/data/raw/fluview/ingest_date=2026-01-28 --clean /opt/***/data/clean/fluview/ingest_date=2026-01-28]
[2026-01-28T17:17:50.044+0000] {spark_submit.py:634} INFO - jars                    null
[2026-01-28T17:17:50.044+0000] {spark_submit.py:634} INFO - packages                null
[2026-01-28T17:17:50.044+0000] {spark_submit.py:634} INFO - packagesExclusions      null
[2026-01-28T17:17:50.045+0000] {spark_submit.py:634} INFO - repositories            null
[2026-01-28T17:17:50.045+0000] {spark_submit.py:634} INFO - verbose                 true
[2026-01-28T17:17:50.046+0000] {spark_submit.py:634} INFO - 
[2026-01-28T17:17:50.046+0000] {spark_submit.py:634} INFO - Spark properties used, including those specified through
[2026-01-28T17:17:50.046+0000] {spark_submit.py:634} INFO - --conf and those from the properties file null:
[2026-01-28T17:17:50.047+0000] {spark_submit.py:634} INFO - 
[2026-01-28T17:17:50.047+0000] {spark_submit.py:634} INFO - 
[2026-01-28T17:17:50.048+0000] {spark_submit.py:634} INFO - 
[2026-01-28T17:17:50.313+0000] {spark_submit.py:634} INFO - Main class:
[2026-01-28T17:17:50.314+0000] {spark_submit.py:634} INFO - com.sparkhealth.SparkHealthETL
[2026-01-28T17:17:50.315+0000] {spark_submit.py:634} INFO - Arguments:
[2026-01-28T17:17:50.317+0000] {spark_submit.py:634} INFO - --mode
[2026-01-28T17:17:50.318+0000] {spark_submit.py:634} INFO - clean
[2026-01-28T17:17:50.319+0000] {spark_submit.py:634} INFO - --raw
[2026-01-28T17:17:50.320+0000] {spark_submit.py:634} INFO - /opt/***/data/raw/fluview/ingest_date=2026-01-28
[2026-01-28T17:17:50.320+0000] {spark_submit.py:634} INFO - --clean
[2026-01-28T17:17:50.321+0000] {spark_submit.py:634} INFO - /opt/***/data/clean/fluview/ingest_date=2026-01-28
[2026-01-28T17:17:50.323+0000] {spark_submit.py:634} INFO - Spark config:
[2026-01-28T17:17:50.324+0000] {spark_submit.py:634} INFO - (spark.app.name,fluview-clean)
[2026-01-28T17:17:50.325+0000] {spark_submit.py:634} INFO - (spark.app.submitTime,1769620670293)
[2026-01-28T17:17:50.326+0000] {spark_submit.py:634} INFO - (spark.jars,file:/jars/spark-health_2.12-0.1.0.jar)
[2026-01-28T17:17:50.327+0000] {spark_submit.py:634} INFO - (spark.master,spark://spark-master:7077)
[2026-01-28T17:17:50.328+0000] {spark_submit.py:634} INFO - (spark.submit.deployMode,client)
[2026-01-28T17:17:50.329+0000] {spark_submit.py:634} INFO - (spark.submit.pyFiles,)
[2026-01-28T17:17:50.329+0000] {spark_submit.py:634} INFO - Classpath elements:
[2026-01-28T17:17:50.330+0000] {spark_submit.py:634} INFO - file:/jars/spark-health_2.12-0.1.0.jar
[2026-01-28T17:17:50.331+0000] {spark_submit.py:634} INFO - 
[2026-01-28T17:17:50.332+0000] {spark_submit.py:634} INFO - 
[2026-01-28T17:17:50.447+0000] {spark_submit.py:634} INFO - 26/01/28 17:17:50 INFO SparkContext: Running Spark version 3.5.1
[2026-01-28T17:17:50.451+0000] {spark_submit.py:634} INFO - 26/01/28 17:17:50 INFO SparkContext: OS info Linux, 6.6.87.2-microsoft-standard-WSL2, amd64
[2026-01-28T17:17:50.452+0000] {spark_submit.py:634} INFO - 26/01/28 17:17:50 INFO SparkContext: Java version 17.0.18
[2026-01-28T17:17:50.553+0000] {spark_submit.py:634} INFO - 26/01/28 17:17:50 WARN NativeCodeLoader: Unable to load native-hadoop library for your platform... using builtin-java classes where applicable
[2026-01-28T17:17:50.666+0000] {spark_submit.py:634} INFO - 26/01/28 17:17:50 INFO ResourceUtils: ==============================================================
[2026-01-28T17:17:50.667+0000] {spark_submit.py:634} INFO - 26/01/28 17:17:50 INFO ResourceUtils: No custom resources configured for spark.driver.
[2026-01-28T17:17:50.667+0000] {spark_submit.py:634} INFO - 26/01/28 17:17:50 INFO ResourceUtils: ==============================================================
[2026-01-28T17:17:50.668+0000] {spark_submit.py:634} INFO - 26/01/28 17:17:50 INFO SparkContext: Submitted application: spark-health-clean
[2026-01-28T17:17:50.694+0000] {spark_submit.py:634} INFO - 26/01/28 17:17:50 INFO ResourceProfile: Default ResourceProfile created, executor resources: Map(memory -> name: memory, amount: 1024, script: , vendor: , offHeap -> name: offHeap, amount: 0, script: , vendor: ), task resources: Map(cpus -> name: cpus, amount: 1.0)
[2026-01-28T17:17:50.700+0000] {spark_submit.py:634} INFO - 26/01/28 17:17:50 INFO ResourceProfile: Limiting resource is cpu
[2026-01-28T17:17:50.702+0000] {spark_submit.py:634} INFO - 26/01/28 17:17:50 INFO ResourceProfileManager: Added ResourceProfile id: 0
[2026-01-28T17:17:50.800+0000] {spark_submit.py:634} INFO - 26/01/28 17:17:50 INFO SecurityManager: Changing view acls to: ***
[2026-01-28T17:17:50.801+0000] {spark_submit.py:634} INFO - 26/01/28 17:17:50 INFO SecurityManager: Changing modify acls to: ***
[2026-01-28T17:17:50.802+0000] {spark_submit.py:634} INFO - 26/01/28 17:17:50 INFO SecurityManager: Changing view acls groups to:
[2026-01-28T17:17:50.803+0000] {spark_submit.py:634} INFO - 26/01/28 17:17:50 INFO SecurityManager: Changing modify acls groups to:
[2026-01-28T17:17:50.804+0000] {spark_submit.py:634} INFO - 26/01/28 17:17:50 INFO SecurityManager: SecurityManager: authentication disabled; ui acls disabled; users with view permissions: ***; groups with view permissions: EMPTY; users with modify permissions: ***; groups with modify permissions: EMPTY
[2026-01-28T17:17:51.145+0000] {spark_submit.py:634} INFO - 26/01/28 17:17:51 INFO Utils: Successfully started service 'sparkDriver' on port 45597.
[2026-01-28T17:17:51.198+0000] {spark_submit.py:634} INFO - 26/01/28 17:17:51 INFO SparkEnv: Registering MapOutputTracker
[2026-01-28T17:17:51.251+0000] {spark_submit.py:634} INFO - 26/01/28 17:17:51 INFO SparkEnv: Registering BlockManagerMaster
[2026-01-28T17:17:51.278+0000] {spark_submit.py:634} INFO - 26/01/28 17:17:51 INFO BlockManagerMasterEndpoint: Using org.apache.spark.storage.DefaultTopologyMapper for getting topology information
[2026-01-28T17:17:51.279+0000] {spark_submit.py:634} INFO - 26/01/28 17:17:51 INFO BlockManagerMasterEndpoint: BlockManagerMasterEndpoint up
[2026-01-28T17:17:51.284+0000] {spark_submit.py:634} INFO - 26/01/28 17:17:51 INFO SparkEnv: Registering BlockManagerMasterHeartbeat
[2026-01-28T17:17:51.327+0000] {spark_submit.py:634} INFO - 26/01/28 17:17:51 INFO DiskBlockManager: Created local directory at /tmp/blockmgr-faabebdf-bc30-42ad-bddd-c2c44bd8f139
[2026-01-28T17:17:51.343+0000] {spark_submit.py:634} INFO - 26/01/28 17:17:51 INFO MemoryStore: MemoryStore started with capacity 434.4 MiB
[2026-01-28T17:17:51.363+0000] {spark_submit.py:634} INFO - 26/01/28 17:17:51 INFO SparkEnv: Registering OutputCommitCoordinator
[2026-01-28T17:17:51.568+0000] {spark_submit.py:634} INFO - 26/01/28 17:17:51 INFO JettyUtils: Start Jetty 0.0.0.0:4040 for SparkUI
[2026-01-28T17:17:51.654+0000] {spark_submit.py:634} INFO - 26/01/28 17:17:51 INFO Utils: Successfully started service 'SparkUI' on port 4040.
[2026-01-28T17:17:51.695+0000] {spark_submit.py:634} INFO - 26/01/28 17:17:51 INFO SparkContext: Added JAR file:/jars/spark-health_2.12-0.1.0.jar at spark://b033199fcba4:45597/jars/spark-health_2.12-0.1.0.jar with timestamp 1769620670409
[2026-01-28T17:17:51.814+0000] {spark_submit.py:634} INFO - 26/01/28 17:17:51 INFO StandaloneAppClient$ClientEndpoint: Connecting to master spark://spark-master:7077...
[2026-01-28T17:17:51.869+0000] {spark_submit.py:634} INFO - 26/01/28 17:17:51 INFO TransportClientFactory: Successfully created connection to spark-master/172.22.0.2:7077 after 30 ms (0 ms spent in bootstraps)
[2026-01-28T17:17:53.229+0000] {spark_submit.py:634} INFO - 26/01/28 17:17:53 INFO StandaloneSchedulerBackend: Connected to Spark cluster with app ID app-20260128171752-0000
[2026-01-28T17:17:53.241+0000] {spark_submit.py:634} INFO - 26/01/28 17:17:53 INFO Utils: Successfully started service 'org.apache.spark.network.netty.NettyBlockTransferService' on port 36831.
[2026-01-28T17:17:53.242+0000] {spark_submit.py:634} INFO - 26/01/28 17:17:53 INFO NettyBlockTransferService: Server created on b033199fcba4:36831
[2026-01-28T17:17:53.245+0000] {spark_submit.py:634} INFO - 26/01/28 17:17:53 INFO BlockManager: Using org.apache.spark.storage.RandomBlockReplicationPolicy for block replication policy
[2026-01-28T17:17:53.255+0000] {spark_submit.py:634} INFO - 26/01/28 17:17:53 INFO BlockManagerMaster: Registering BlockManager BlockManagerId(driver, b033199fcba4, 36831, None)
[2026-01-28T17:17:53.260+0000] {spark_submit.py:634} INFO - 26/01/28 17:17:53 INFO BlockManagerMasterEndpoint: Registering block manager b033199fcba4:36831 with 434.4 MiB RAM, BlockManagerId(driver, b033199fcba4, 36831, None)
[2026-01-28T17:17:53.261+0000] {spark_submit.py:634} INFO - 26/01/28 17:17:53 INFO BlockManagerMaster: Registered BlockManager BlockManagerId(driver, b033199fcba4, 36831, None)
[2026-01-28T17:17:53.263+0000] {spark_submit.py:634} INFO - 26/01/28 17:17:53 INFO BlockManager: Initialized BlockManager: BlockManagerId(driver, b033199fcba4, 36831, None)
[2026-01-28T17:17:53.518+0000] {spark_submit.py:634} INFO - 26/01/28 17:17:53 INFO StandaloneSchedulerBackend: SchedulerBackend is ready for scheduling beginning after reached minRegisteredResourcesRatio: 0.0
[2026-01-28T17:17:53.739+0000] {spark_submit.py:634} INFO - 26/01/28 17:17:53 INFO SharedState: Setting hive.metastore.warehouse.dir ('null') to the value of spark.sql.warehouse.dir.
[2026-01-28T17:17:53.749+0000] {spark_submit.py:634} INFO - 26/01/28 17:17:53 INFO SharedState: Warehouse path is 'file:/opt/***/spark-warehouse'.
[2026-01-28T17:17:55.043+0000] {spark_submit.py:634} INFO - 26/01/28 17:17:55 INFO InMemoryFileIndex: It took 61 ms to list leaf files for 1 paths.
[2026-01-28T17:17:55.151+0000] {spark_submit.py:634} INFO - 26/01/28 17:17:55 INFO InMemoryFileIndex: It took 14 ms to list leaf files for 1 paths.
[2026-01-28T17:17:57.387+0000] {spark_submit.py:634} INFO - 26/01/28 17:17:57 INFO FileSourceStrategy: Pushed Filters:
[2026-01-28T17:17:57.396+0000] {spark_submit.py:634} INFO - 26/01/28 17:17:57 INFO FileSourceStrategy: Post-Scan Filters:
[2026-01-28T17:17:57.622+0000] {spark_submit.py:634} INFO - 26/01/28 17:17:57 INFO MemoryStore: Block broadcast_0 stored as values in memory (estimated size 199.4 KiB, free 434.2 MiB)
[2026-01-28T17:17:57.681+0000] {spark_submit.py:634} INFO - 26/01/28 17:17:57 INFO MemoryStore: Block broadcast_0_piece0 stored as bytes in memory (estimated size 34.3 KiB, free 434.2 MiB)
[2026-01-28T17:17:57.684+0000] {spark_submit.py:634} INFO - 26/01/28 17:17:57 INFO BlockManagerInfo: Added broadcast_0_piece0 in memory on b033199fcba4:36831 (size: 34.3 KiB, free: 434.4 MiB)
[2026-01-28T17:17:57.689+0000] {spark_submit.py:634} INFO - 26/01/28 17:17:57 INFO SparkContext: Created broadcast 0 from json at SparkHealthETL.scala:110
[2026-01-28T17:17:57.699+0000] {spark_submit.py:634} INFO - 26/01/28 17:17:57 INFO FileSourceScanExec: Planning scan with bin packing, max size: 4194304 bytes, open cost is considered as scanning 4194304 bytes.
[2026-01-28T17:17:57.856+0000] {spark_submit.py:634} INFO - 26/01/28 17:17:57 INFO SparkContext: Starting job: json at SparkHealthETL.scala:110
[2026-01-28T17:17:57.873+0000] {spark_submit.py:634} INFO - 26/01/28 17:17:57 INFO DAGScheduler: Got job 0 (json at SparkHealthETL.scala:110) with 1 output partitions
[2026-01-28T17:17:57.874+0000] {spark_submit.py:634} INFO - 26/01/28 17:17:57 INFO DAGScheduler: Final stage: ResultStage 0 (json at SparkHealthETL.scala:110)
[2026-01-28T17:17:57.875+0000] {spark_submit.py:634} INFO - 26/01/28 17:17:57 INFO DAGScheduler: Parents of final stage: List()
[2026-01-28T17:17:57.875+0000] {spark_submit.py:634} INFO - 26/01/28 17:17:57 INFO DAGScheduler: Missing parents: List()
[2026-01-28T17:17:57.878+0000] {spark_submit.py:634} INFO - 26/01/28 17:17:57 INFO DAGScheduler: Submitting ResultStage 0 (MapPartitionsRDD[3] at json at SparkHealthETL.scala:110), which has no missing parents
[2026-01-28T17:17:57.973+0000] {spark_submit.py:634} INFO - 26/01/28 17:17:57 INFO MemoryStore: Block broadcast_1 stored as values in memory (estimated size 16.2 KiB, free 434.2 MiB)
[2026-01-28T17:17:57.975+0000] {spark_submit.py:634} INFO - 26/01/28 17:17:57 INFO MemoryStore: Block broadcast_1_piece0 stored as bytes in memory (estimated size 7.6 KiB, free 434.1 MiB)
[2026-01-28T17:17:57.976+0000] {spark_submit.py:634} INFO - 26/01/28 17:17:57 INFO BlockManagerInfo: Added broadcast_1_piece0 in memory on b033199fcba4:36831 (size: 7.6 KiB, free: 434.4 MiB)
[2026-01-28T17:17:57.977+0000] {spark_submit.py:634} INFO - 26/01/28 17:17:57 INFO SparkContext: Created broadcast 1 from broadcast at DAGScheduler.scala:1585
[2026-01-28T17:17:57.992+0000] {spark_submit.py:634} INFO - 26/01/28 17:17:57 INFO DAGScheduler: Submitting 1 missing tasks from ResultStage 0 (MapPartitionsRDD[3] at json at SparkHealthETL.scala:110) (first 15 tasks are for partitions Vector(0))
[2026-01-28T17:17:57.993+0000] {spark_submit.py:634} INFO - 26/01/28 17:17:57 INFO TaskSchedulerImpl: Adding task set 0.0 with 1 tasks resource profile 0
[2026-01-28T17:18:13.009+0000] {spark_submit.py:634} INFO - 26/01/28 17:18:13 WARN TaskSchedulerImpl: Initial job has not accepted any resources; check your cluster UI to ensure that workers are registered and have sufficient resources
[2026-01-28T17:18:28.008+0000] {spark_submit.py:634} INFO - 26/01/28 17:18:28 WARN TaskSchedulerImpl: Initial job has not accepted any resources; check your cluster UI to ensure that workers are registered and have sufficient resources
[2026-01-28T17:18:43.008+0000] {spark_submit.py:634} INFO - 26/01/28 17:18:43 WARN TaskSchedulerImpl: Initial job has not accepted any resources; check your cluster UI to ensure that workers are registered and have sufficient resources
[2026-01-28T17:18:58.008+0000] {spark_submit.py:634} INFO - 26/01/28 17:18:58 WARN TaskSchedulerImpl: Initial job has not accepted any resources; check your cluster UI to ensure that workers are registered and have sufficient resources
[2026-01-28T17:19:13.008+0000] {spark_submit.py:634} INFO - 26/01/28 17:19:13 WARN TaskSchedulerImpl: Initial job has not accepted any resources; check your cluster UI to ensure that workers are registered and have sufficient resources
[2026-01-28T17:19:28.008+0000] {spark_submit.py:634} INFO - 26/01/28 17:19:28 WARN TaskSchedulerImpl: Initial job has not accepted any resources; check your cluster UI to ensure that workers are registered and have sufficient resources
[2026-01-28T17:19:43.008+0000] {spark_submit.py:634} INFO - 26/01/28 17:19:43 WARN TaskSchedulerImpl: Initial job has not accepted any resources; check your cluster UI to ensure that workers are registered and have sufficient resources
[2026-01-28T17:19:58.008+0000] {spark_submit.py:634} INFO - 26/01/28 17:19:58 WARN TaskSchedulerImpl: Initial job has not accepted any resources; check your cluster UI to ensure that workers are registered and have sufficient resources
[2026-01-28T17:20:13.008+0000] {spark_submit.py:634} INFO - 26/01/28 17:20:13 WARN TaskSchedulerImpl: Initial job has not accepted any resources; check your cluster UI to ensure that workers are registered and have sufficient resources
[2026-01-28T17:20:28.008+0000] {spark_submit.py:634} INFO - 26/01/28 17:20:28 WARN TaskSchedulerImpl: Initial job has not accepted any resources; check your cluster UI to ensure that workers are registered and have sufficient resources
[2026-01-28T17:20:43.008+0000] {spark_submit.py:634} INFO - 26/01/28 17:20:43 WARN TaskSchedulerImpl: Initial job has not accepted any resources; check your cluster UI to ensure that workers are registered and have sufficient resources
[2026-01-28T17:20:58.008+0000] {spark_submit.py:634} INFO - 26/01/28 17:20:58 WARN TaskSchedulerImpl: Initial job has not accepted any resources; check your cluster UI to ensure that workers are registered and have sufficient resources
[2026-01-28T17:21:13.008+0000] {spark_submit.py:634} INFO - 26/01/28 17:21:13 WARN TaskSchedulerImpl: Initial job has not accepted any resources; check your cluster UI to ensure that workers are registered and have sufficient resources
[2026-01-28T17:21:28.009+0000] {spark_submit.py:634} INFO - 26/01/28 17:21:28 WARN TaskSchedulerImpl: Initial job has not accepted any resources; check your cluster UI to ensure that workers are registered and have sufficient resources
[2026-01-28T17:21:43.008+0000] {spark_submit.py:634} INFO - 26/01/28 17:21:43 WARN TaskSchedulerImpl: Initial job has not accepted any resources; check your cluster UI to ensure that workers are registered and have sufficient resources
[2026-01-28T17:21:58.008+0000] {spark_submit.py:634} INFO - 26/01/28 17:21:58 WARN TaskSchedulerImpl: Initial job has not accepted any resources; check your cluster UI to ensure that workers are registered and have sufficient resources
[2026-01-28T17:22:13.008+0000] {spark_submit.py:634} INFO - 26/01/28 17:22:13 WARN TaskSchedulerImpl: Initial job has not accepted any resources; check your cluster UI to ensure that workers are registered and have sufficient resources
[2026-01-28T17:22:28.008+0000] {spark_submit.py:634} INFO - 26/01/28 17:22:28 WARN TaskSchedulerImpl: Initial job has not accepted any resources; check your cluster UI to ensure that workers are registered and have sufficient resources
[2026-01-28T17:22:43.008+0000] {spark_submit.py:634} INFO - 26/01/28 17:22:43 WARN TaskSchedulerImpl: Initial job has not accepted any resources; check your cluster UI to ensure that workers are registered and have sufficient resources
[2026-01-28T17:22:58.007+0000] {spark_submit.py:634} INFO - 26/01/28 17:22:58 WARN TaskSchedulerImpl: Initial job has not accepted any resources; check your cluster UI to ensure that workers are registered and have sufficient resources
[2026-01-28T17:23:13.008+0000] {spark_submit.py:634} INFO - 26/01/28 17:23:13 WARN TaskSchedulerImpl: Initial job has not accepted any resources; check your cluster UI to ensure that workers are registered and have sufficient resources
[2026-01-28T17:23:28.008+0000] {spark_submit.py:634} INFO - 26/01/28 17:23:28 WARN TaskSchedulerImpl: Initial job has not accepted any resources; check your cluster UI to ensure that workers are registered and have sufficient resources
[2026-01-28T17:23:43.008+0000] {spark_submit.py:634} INFO - 26/01/28 17:23:43 WARN TaskSchedulerImpl: Initial job has not accepted any resources; check your cluster UI to ensure that workers are registered and have sufficient resources
[2026-01-28T17:23:58.008+0000] {spark_submit.py:634} INFO - 26/01/28 17:23:58 WARN TaskSchedulerImpl: Initial job has not accepted any resources; check your cluster UI to ensure that workers are registered and have sufficient resources
[2026-01-28T17:24:13.008+0000] {spark_submit.py:634} INFO - 26/01/28 17:24:13 WARN TaskSchedulerImpl: Initial job has not accepted any resources; check your cluster UI to ensure that workers are registered and have sufficient resources
[2026-01-28T17:24:28.008+0000] {spark_submit.py:634} INFO - 26/01/28 17:24:28 WARN TaskSchedulerImpl: Initial job has not accepted any resources; check your cluster UI to ensure that workers are registered and have sufficient resources
[2026-01-28T17:24:43.008+0000] {spark_submit.py:634} INFO - 26/01/28 17:24:43 WARN TaskSchedulerImpl: Initial job has not accepted any resources; check your cluster UI to ensure that workers are registered and have sufficient resources
[2026-01-28T17:24:58.008+0000] {spark_submit.py:634} INFO - 26/01/28 17:24:58 WARN TaskSchedulerImpl: Initial job has not accepted any resources; check your cluster UI to ensure that workers are registered and have sufficient resources
[2026-01-28T17:25:13.008+0000] {spark_submit.py:634} INFO - 26/01/28 17:25:13 WARN TaskSchedulerImpl: Initial job has not accepted any resources; check your cluster UI to ensure that workers are registered and have sufficient resources
[2026-01-28T17:25:28.008+0000] {spark_submit.py:634} INFO - 26/01/28 17:25:28 WARN TaskSchedulerImpl: Initial job has not accepted any resources; check your cluster UI to ensure that workers are registered and have sufficient resources
[2026-01-28T17:25:29.600+0000] {local_task_job_runner.py:124} ERROR - Received SIGTERM. Terminating subprocesses
[2026-01-28T17:25:29.610+0000] {process_utils.py:132} INFO - Sending 15 to group 2336. PIDs of all processes in the group: [2337, 2336]
[2026-01-28T17:25:29.618+0000] {process_utils.py:87} INFO - Sending the signal 15 to group 2336
[2026-01-28T17:25:29.619+0000] {taskinstance.py:2611} ERROR - Received SIGTERM. Terminating subprocesses.
[2026-01-28T17:25:29.620+0000] {spark_submit.py:760} INFO - Sending kill signal to spark-submit
[2026-01-28T17:25:29.621+0000] {taskinstance.py:441} INFO - ::group::Post task execution logs
[2026-01-28T17:25:29.864+0000] {taskinstance.py:2905} ERROR - Task failed with exception
Traceback (most recent call last):
  File "/home/airflow/.local/lib/python3.11/site-packages/airflow/models/taskinstance.py", line 465, in _execute_task
    result = _execute_callable(context=context, **execute_callable_kwargs)
             ^^^^^^^^^^^^^^^^^^^^^^^^^^^^^^^^^^^^^^^^^^^^^^^^^^^^^^^^^^^^^
  File "/home/airflow/.local/lib/python3.11/site-packages/airflow/models/taskinstance.py", line 432, in _execute_callable
    return execute_callable(context=context, **execute_callable_kwargs)
           ^^^^^^^^^^^^^^^^^^^^^^^^^^^^^^^^^^^^^^^^^^^^^^^^^^^^^^^^^^^^
  File "/home/airflow/.local/lib/python3.11/site-packages/airflow/models/baseoperator.py", line 401, in wrapper
    return func(self, *args, **kwargs)
           ^^^^^^^^^^^^^^^^^^^^^^^^^^^
  File "/home/airflow/.local/lib/python3.11/site-packages/airflow/providers/apache/spark/operators/spark_submit.py", line 176, in execute
    self._hook.submit(self.application)
  File "/home/airflow/.local/lib/python3.11/site-packages/airflow/providers/apache/spark/hooks/spark_submit.py", line 548, in submit
    self._process_spark_submit_log(iter(self._submit_sp.stdout))  # type: ignore
    ^^^^^^^^^^^^^^^^^^^^^^^^^^^^^^^^^^^^^^^^^^^^^^^^^^^^^^^^^^^^
  File "/home/airflow/.local/lib/python3.11/site-packages/airflow/providers/apache/spark/hooks/spark_submit.py", line 597, in _process_spark_submit_log
    for line in itr:
  File "/home/airflow/.local/lib/python3.11/site-packages/airflow/models/taskinstance.py", line 2613, in signal_handler
    raise AirflowTaskTerminated("Task received SIGTERM signal")
airflow.exceptions.AirflowTaskTerminated: Task received SIGTERM signal
[2026-01-28T17:25:29.868+0000] {taskinstance.py:1206} INFO - Marking task as UP_FOR_RETRY. dag_id=fluview_weekly_etl, task_id=spark_clean, run_id=manual__2026-01-28T17:17:45.810456+00:00, execution_date=20260128T171745, start_date=20260128T171748, end_date=20260128T172529
[2026-01-28T17:25:29.915+0000] {process_utils.py:80} INFO - Process psutil.Process(pid=2336, status='terminated', exitcode=2, started='17:17:47') (2336) terminated with exit code 2
[2026-01-28T17:25:29.916+0000] {process_utils.py:80} INFO - Process psutil.Process(pid=2337, status='terminated', started='17:17:47') (2337) terminated with exit code None
[2026-01-28T17:25:29.918+0000] {local_task_job_runner.py:243} INFO - Task exited with return code 143
[2026-01-28T17:25:29.935+0000] {taskinstance.py:3503} INFO - 0 downstream tasks scheduled from follow-on schedule check
