[2026-01-27T11:07:16.981+0000] {local_task_job_runner.py:120} INFO - ::group::Pre task execution logs
[2026-01-27T11:07:17.081+0000] {taskinstance.py:2076} INFO - Dependencies all met for dep_context=non-requeueable deps ti=<TaskInstance: fluview_ingest_structured.fetch_ili scheduled__2026-01-18T00:00:00+00:00 [queued]>
[2026-01-27T11:07:17.098+0000] {taskinstance.py:2076} INFO - Dependencies all met for dep_context=requeueable deps ti=<TaskInstance: fluview_ingest_structured.fetch_ili scheduled__2026-01-18T00:00:00+00:00 [queued]>
[2026-01-27T11:07:17.099+0000] {taskinstance.py:2306} INFO - Starting attempt 3 of 3
[2026-01-27T11:07:17.130+0000] {taskinstance.py:2330} INFO - Executing <Task(_PythonDecoratedOperator): fetch_ili> on 2026-01-18 00:00:00+00:00
[2026-01-27T11:07:17.142+0000] {standard_task_runner.py:64} INFO - Started process 901 to run task
[2026-01-27T11:07:17.158+0000] {standard_task_runner.py:90} INFO - Running: ['***', 'tasks', 'run', 'fluview_ingest_structured', 'fetch_ili', 'scheduled__2026-01-18T00:00:00+00:00', '--job-id', '15', '--raw', '--subdir', 'DAGS_FOLDER/fluview_lib.py', '--cfg-path', '/tmp/tmpknrz6_wd']
[2026-01-27T11:07:17.174+0000] {standard_task_runner.py:91} INFO - Job 15: Subtask fetch_ili
[2026-01-27T11:07:17.436+0000] {task_command.py:426} INFO - Running <TaskInstance: fluview_ingest_structured.fetch_ili scheduled__2026-01-18T00:00:00+00:00 [running]> on host c8782a803364
[2026-01-27T11:07:18.653+0000] {abstractoperator.py:725} ERROR - Exception rendering Jinja template for task 'fetch_ili', field 'op_args'. Template: (XComArg(<Task(_PythonDecoratedOperator): fetch_metadata>),)
Traceback (most recent call last):
  File "/home/airflow/.local/lib/python3.11/site-packages/airflow/models/abstractoperator.py", line 717, in _do_render_template_fields
    rendered_content = self.render_template(
                       ^^^^^^^^^^^^^^^^^^^^^
  File "/home/airflow/.local/lib/python3.11/site-packages/airflow/template/templater.py", line 175, in render_template
    return tuple(self.render_template(element, context, jinja_env, oids) for element in value)
           ^^^^^^^^^^^^^^^^^^^^^^^^^^^^^^^^^^^^^^^^^^^^^^^^^^^^^^^^^^^^^^^^^^^^^^^^^^^^^^^^^^^
  File "/home/airflow/.local/lib/python3.11/site-packages/airflow/template/templater.py", line 175, in <genexpr>
    return tuple(self.render_template(element, context, jinja_env, oids) for element in value)
                 ^^^^^^^^^^^^^^^^^^^^^^^^^^^^^^^^^^^^^^^^^^^^^^^^^^^^^^^
  File "/home/airflow/.local/lib/python3.11/site-packages/airflow/template/templater.py", line 171, in render_template
    return value.resolve(context)
           ^^^^^^^^^^^^^^^^^^^^^^
  File "/home/airflow/.local/lib/python3.11/site-packages/airflow/utils/session.py", line 79, in wrapper
    return func(*args, session=session, **kwargs)
           ^^^^^^^^^^^^^^^^^^^^^^^^^^^^^^^^^^^^^^
  File "/home/airflow/.local/lib/python3.11/site-packages/airflow/models/xcom_arg.py", line 418, in resolve
    result = ti.xcom_pull(
             ^^^^^^^^^^^^^
  File "/home/airflow/.local/lib/python3.11/site-packages/airflow/utils/session.py", line 76, in wrapper
    return func(*args, **kwargs)
           ^^^^^^^^^^^^^^^^^^^^^
  File "/home/airflow/.local/lib/python3.11/site-packages/airflow/models/taskinstance.py", line 3274, in xcom_pull
    return XCom.deserialize_value(first)
           ^^^^^^^^^^^^^^^^^^^^^^^^^^^^^
  File "/home/airflow/.local/lib/python3.11/site-packages/airflow/models/xcom.py", line 705, in deserialize_value
    return BaseXCom._deserialize_value(result, False)
           ^^^^^^^^^^^^^^^^^^^^^^^^^^^^^^^^^^^^^^^^^^
  File "/home/airflow/.local/lib/python3.11/site-packages/airflow/models/xcom.py", line 700, in _deserialize_value
    return json.loads(result.value.decode("UTF-8"), cls=XComDecoder, object_hook=object_hook)
           ^^^^^^^^^^^^^^^^^^^^^^^^^^^^^^^^^^^^^^^^^^^^^^^^^^^^^^^^^^^^^^^^^^^^^^^^^^^^^^^^^^
  File "/usr/local/lib/python3.11/json/__init__.py", line 359, in loads
    return cls(**kw).decode(s)
           ^^^^^^^^^^^^^^^^^^^
  File "/usr/local/lib/python3.11/json/decoder.py", line 337, in decode
    obj, end = self.raw_decode(s, idx=_w(s, 0).end())
               ^^^^^^^^^^^^^^^^^^^^^^^^^^^^^^^^^^^^^^
  File "/usr/local/lib/python3.11/json/decoder.py", line 353, in raw_decode
    obj, end = self.scan_once(s, idx)
               ^^^^^^^^^^^^^^^^^^^^^^
  File "/home/airflow/.local/lib/python3.11/site-packages/airflow/utils/json.py", line 117, in object_hook
    return deserialize(dct)
           ^^^^^^^^^^^^^^^^
  File "/home/airflow/.local/lib/python3.11/site-packages/airflow/serialization/serde.py", line 254, in deserialize
    raise ImportError(
ImportError: unusual_prefix_9684882faf8107da3d58dcbecad229576e0d0672_fluview_lib.IngestContext was not found in allow list for deserialization imports. To allow it, add it to allowed_deserialization_classes in the configuration
[2026-01-27T11:07:18.655+0000] {taskinstance.py:2905} ERROR - Task failed with exception
Traceback (most recent call last):
  File "/home/airflow/.local/lib/python3.11/site-packages/airflow/models/taskinstance.py", line 2479, in _run_raw_task
    self._execute_task_with_callbacks(context, test_mode, session=session)
  File "/home/airflow/.local/lib/python3.11/site-packages/airflow/models/taskinstance.py", line 2633, in _execute_task_with_callbacks
    task_orig = self.render_templates(context=context, jinja_env=jinja_env)
                ^^^^^^^^^^^^^^^^^^^^^^^^^^^^^^^^^^^^^^^^^^^^^^^^^^^^^^^^^^^
  File "/home/airflow/.local/lib/python3.11/site-packages/airflow/models/taskinstance.py", line 3094, in render_templates
    original_task.render_template_fields(context, jinja_env)
  File "/home/airflow/.local/lib/python3.11/site-packages/airflow/models/baseoperator.py", line 1337, in render_template_fields
    self._do_render_template_fields(self, self.template_fields, context, jinja_env, set())
  File "/home/airflow/.local/lib/python3.11/site-packages/airflow/models/abstractoperator.py", line 717, in _do_render_template_fields
    rendered_content = self.render_template(
                       ^^^^^^^^^^^^^^^^^^^^^
  File "/home/airflow/.local/lib/python3.11/site-packages/airflow/template/templater.py", line 175, in render_template
    return tuple(self.render_template(element, context, jinja_env, oids) for element in value)
           ^^^^^^^^^^^^^^^^^^^^^^^^^^^^^^^^^^^^^^^^^^^^^^^^^^^^^^^^^^^^^^^^^^^^^^^^^^^^^^^^^^^
  File "/home/airflow/.local/lib/python3.11/site-packages/airflow/template/templater.py", line 175, in <genexpr>
    return tuple(self.render_template(element, context, jinja_env, oids) for element in value)
                 ^^^^^^^^^^^^^^^^^^^^^^^^^^^^^^^^^^^^^^^^^^^^^^^^^^^^^^^
  File "/home/airflow/.local/lib/python3.11/site-packages/airflow/template/templater.py", line 171, in render_template
    return value.resolve(context)
           ^^^^^^^^^^^^^^^^^^^^^^
  File "/home/airflow/.local/lib/python3.11/site-packages/airflow/utils/session.py", line 79, in wrapper
    return func(*args, session=session, **kwargs)
           ^^^^^^^^^^^^^^^^^^^^^^^^^^^^^^^^^^^^^^
  File "/home/airflow/.local/lib/python3.11/site-packages/airflow/models/xcom_arg.py", line 418, in resolve
    result = ti.xcom_pull(
             ^^^^^^^^^^^^^
  File "/home/airflow/.local/lib/python3.11/site-packages/airflow/utils/session.py", line 76, in wrapper
    return func(*args, **kwargs)
           ^^^^^^^^^^^^^^^^^^^^^
  File "/home/airflow/.local/lib/python3.11/site-packages/airflow/models/taskinstance.py", line 3274, in xcom_pull
    return XCom.deserialize_value(first)
           ^^^^^^^^^^^^^^^^^^^^^^^^^^^^^
  File "/home/airflow/.local/lib/python3.11/site-packages/airflow/models/xcom.py", line 705, in deserialize_value
    return BaseXCom._deserialize_value(result, False)
           ^^^^^^^^^^^^^^^^^^^^^^^^^^^^^^^^^^^^^^^^^^
  File "/home/airflow/.local/lib/python3.11/site-packages/airflow/models/xcom.py", line 700, in _deserialize_value
    return json.loads(result.value.decode("UTF-8"), cls=XComDecoder, object_hook=object_hook)
           ^^^^^^^^^^^^^^^^^^^^^^^^^^^^^^^^^^^^^^^^^^^^^^^^^^^^^^^^^^^^^^^^^^^^^^^^^^^^^^^^^^
  File "/usr/local/lib/python3.11/json/__init__.py", line 359, in loads
    return cls(**kw).decode(s)
           ^^^^^^^^^^^^^^^^^^^
  File "/usr/local/lib/python3.11/json/decoder.py", line 337, in decode
    obj, end = self.raw_decode(s, idx=_w(s, 0).end())
               ^^^^^^^^^^^^^^^^^^^^^^^^^^^^^^^^^^^^^^
  File "/usr/local/lib/python3.11/json/decoder.py", line 353, in raw_decode
    obj, end = self.scan_once(s, idx)
               ^^^^^^^^^^^^^^^^^^^^^^
  File "/home/airflow/.local/lib/python3.11/site-packages/airflow/utils/json.py", line 117, in object_hook
    return deserialize(dct)
           ^^^^^^^^^^^^^^^^
  File "/home/airflow/.local/lib/python3.11/site-packages/airflow/serialization/serde.py", line 254, in deserialize
    raise ImportError(
ImportError: unusual_prefix_9684882faf8107da3d58dcbecad229576e0d0672_fluview_lib.IngestContext was not found in allow list for deserialization imports. To allow it, add it to allowed_deserialization_classes in the configuration
[2026-01-27T11:07:18.672+0000] {taskinstance.py:1206} INFO - Marking task as FAILED. dag_id=fluview_ingest_structured, task_id=fetch_ili, run_id=scheduled__2026-01-18T00:00:00+00:00, execution_date=20260118T000000, start_date=20260127T110717, end_date=20260127T110718
[2026-01-27T11:07:18.688+0000] {standard_task_runner.py:110} ERROR - Failed to execute job 15 for task fetch_ili (unusual_prefix_9684882faf8107da3d58dcbecad229576e0d0672_fluview_lib.IngestContext was not found in allow list for deserialization imports. To allow it, add it to allowed_deserialization_classes in the configuration; 901)
[2026-01-27T11:07:18.710+0000] {local_task_job_runner.py:243} INFO - Task exited with return code 1
[2026-01-27T11:07:18.730+0000] {taskinstance.py:3503} INFO - 0 downstream tasks scheduled from follow-on schedule check
[2026-01-27T11:07:18.738+0000] {local_task_job_runner.py:222} INFO - ::endgroup::
[2026-01-27T11:30:25.097+0000] {local_task_job_runner.py:120} INFO - ::group::Pre task execution logs
[2026-01-27T11:30:25.134+0000] {taskinstance.py:2076} INFO - Dependencies all met for dep_context=non-requeueable deps ti=<TaskInstance: fluview_ingest_structured.fetch_ili scheduled__2026-01-18T00:00:00+00:00 [queued]>
[2026-01-27T11:30:25.146+0000] {taskinstance.py:2076} INFO - Dependencies all met for dep_context=requeueable deps ti=<TaskInstance: fluview_ingest_structured.fetch_ili scheduled__2026-01-18T00:00:00+00:00 [queued]>
[2026-01-27T11:30:25.147+0000] {taskinstance.py:2306} INFO - Starting attempt 3 of 3
[2026-01-27T11:30:25.174+0000] {taskinstance.py:2330} INFO - Executing <Task(_PythonDecoratedOperator): fetch_ili> on 2026-01-18 00:00:00+00:00
[2026-01-27T11:30:25.182+0000] {standard_task_runner.py:64} INFO - Started process 697 to run task
[2026-01-27T11:30:25.187+0000] {standard_task_runner.py:90} INFO - Running: ['***', 'tasks', 'run', 'fluview_ingest_structured', 'fetch_ili', 'scheduled__2026-01-18T00:00:00+00:00', '--job-id', '11', '--raw', '--subdir', 'DAGS_FOLDER/fluview_lib.py', '--cfg-path', '/tmp/tmpir7umpkb']
[2026-01-27T11:30:25.191+0000] {standard_task_runner.py:91} INFO - Job 11: Subtask fetch_ili
[2026-01-27T11:30:25.299+0000] {task_command.py:426} INFO - Running <TaskInstance: fluview_ingest_structured.fetch_ili scheduled__2026-01-18T00:00:00+00:00 [running]> on host b033199fcba4
[2026-01-27T11:30:25.592+0000] {abstractoperator.py:725} ERROR - Exception rendering Jinja template for task 'fetch_ili', field 'op_args'. Template: (XComArg(<Task(_PythonDecoratedOperator): fetch_metadata>),)
Traceback (most recent call last):
  File "/home/airflow/.local/lib/python3.11/site-packages/airflow/models/abstractoperator.py", line 717, in _do_render_template_fields
    rendered_content = self.render_template(
                       ^^^^^^^^^^^^^^^^^^^^^
  File "/home/airflow/.local/lib/python3.11/site-packages/airflow/template/templater.py", line 175, in render_template
    return tuple(self.render_template(element, context, jinja_env, oids) for element in value)
           ^^^^^^^^^^^^^^^^^^^^^^^^^^^^^^^^^^^^^^^^^^^^^^^^^^^^^^^^^^^^^^^^^^^^^^^^^^^^^^^^^^^
  File "/home/airflow/.local/lib/python3.11/site-packages/airflow/template/templater.py", line 175, in <genexpr>
    return tuple(self.render_template(element, context, jinja_env, oids) for element in value)
                 ^^^^^^^^^^^^^^^^^^^^^^^^^^^^^^^^^^^^^^^^^^^^^^^^^^^^^^^
  File "/home/airflow/.local/lib/python3.11/site-packages/airflow/template/templater.py", line 171, in render_template
    return value.resolve(context)
           ^^^^^^^^^^^^^^^^^^^^^^
  File "/home/airflow/.local/lib/python3.11/site-packages/airflow/utils/session.py", line 79, in wrapper
    return func(*args, session=session, **kwargs)
           ^^^^^^^^^^^^^^^^^^^^^^^^^^^^^^^^^^^^^^
  File "/home/airflow/.local/lib/python3.11/site-packages/airflow/models/xcom_arg.py", line 418, in resolve
    result = ti.xcom_pull(
             ^^^^^^^^^^^^^
  File "/home/airflow/.local/lib/python3.11/site-packages/airflow/utils/session.py", line 76, in wrapper
    return func(*args, **kwargs)
           ^^^^^^^^^^^^^^^^^^^^^
  File "/home/airflow/.local/lib/python3.11/site-packages/airflow/models/taskinstance.py", line 3274, in xcom_pull
    return XCom.deserialize_value(first)
           ^^^^^^^^^^^^^^^^^^^^^^^^^^^^^
  File "/home/airflow/.local/lib/python3.11/site-packages/airflow/models/xcom.py", line 705, in deserialize_value
    return BaseXCom._deserialize_value(result, False)
           ^^^^^^^^^^^^^^^^^^^^^^^^^^^^^^^^^^^^^^^^^^
  File "/home/airflow/.local/lib/python3.11/site-packages/airflow/models/xcom.py", line 700, in _deserialize_value
    return json.loads(result.value.decode("UTF-8"), cls=XComDecoder, object_hook=object_hook)
           ^^^^^^^^^^^^^^^^^^^^^^^^^^^^^^^^^^^^^^^^^^^^^^^^^^^^^^^^^^^^^^^^^^^^^^^^^^^^^^^^^^
  File "/usr/local/lib/python3.11/json/__init__.py", line 359, in loads
    return cls(**kw).decode(s)
           ^^^^^^^^^^^^^^^^^^^
  File "/usr/local/lib/python3.11/json/decoder.py", line 337, in decode
    obj, end = self.raw_decode(s, idx=_w(s, 0).end())
               ^^^^^^^^^^^^^^^^^^^^^^^^^^^^^^^^^^^^^^
  File "/usr/local/lib/python3.11/json/decoder.py", line 353, in raw_decode
    obj, end = self.scan_once(s, idx)
               ^^^^^^^^^^^^^^^^^^^^^^
  File "/home/airflow/.local/lib/python3.11/site-packages/airflow/utils/json.py", line 117, in object_hook
    return deserialize(dct)
           ^^^^^^^^^^^^^^^^
  File "/home/airflow/.local/lib/python3.11/site-packages/airflow/serialization/serde.py", line 254, in deserialize
    raise ImportError(
ImportError: unusual_prefix_9684882faf8107da3d58dcbecad229576e0d0672_fluview_lib.IngestContext was not found in allow list for deserialization imports. To allow it, add it to allowed_deserialization_classes in the configuration
[2026-01-27T11:30:25.595+0000] {taskinstance.py:2905} ERROR - Task failed with exception
Traceback (most recent call last):
  File "/home/airflow/.local/lib/python3.11/site-packages/airflow/models/taskinstance.py", line 2479, in _run_raw_task
    self._execute_task_with_callbacks(context, test_mode, session=session)
  File "/home/airflow/.local/lib/python3.11/site-packages/airflow/models/taskinstance.py", line 2633, in _execute_task_with_callbacks
    task_orig = self.render_templates(context=context, jinja_env=jinja_env)
                ^^^^^^^^^^^^^^^^^^^^^^^^^^^^^^^^^^^^^^^^^^^^^^^^^^^^^^^^^^^
  File "/home/airflow/.local/lib/python3.11/site-packages/airflow/models/taskinstance.py", line 3094, in render_templates
    original_task.render_template_fields(context, jinja_env)
  File "/home/airflow/.local/lib/python3.11/site-packages/airflow/models/baseoperator.py", line 1337, in render_template_fields
    self._do_render_template_fields(self, self.template_fields, context, jinja_env, set())
  File "/home/airflow/.local/lib/python3.11/site-packages/airflow/models/abstractoperator.py", line 717, in _do_render_template_fields
    rendered_content = self.render_template(
                       ^^^^^^^^^^^^^^^^^^^^^
  File "/home/airflow/.local/lib/python3.11/site-packages/airflow/template/templater.py", line 175, in render_template
    return tuple(self.render_template(element, context, jinja_env, oids) for element in value)
           ^^^^^^^^^^^^^^^^^^^^^^^^^^^^^^^^^^^^^^^^^^^^^^^^^^^^^^^^^^^^^^^^^^^^^^^^^^^^^^^^^^^
  File "/home/airflow/.local/lib/python3.11/site-packages/airflow/template/templater.py", line 175, in <genexpr>
    return tuple(self.render_template(element, context, jinja_env, oids) for element in value)
                 ^^^^^^^^^^^^^^^^^^^^^^^^^^^^^^^^^^^^^^^^^^^^^^^^^^^^^^^
  File "/home/airflow/.local/lib/python3.11/site-packages/airflow/template/templater.py", line 171, in render_template
    return value.resolve(context)
           ^^^^^^^^^^^^^^^^^^^^^^
  File "/home/airflow/.local/lib/python3.11/site-packages/airflow/utils/session.py", line 79, in wrapper
    return func(*args, session=session, **kwargs)
           ^^^^^^^^^^^^^^^^^^^^^^^^^^^^^^^^^^^^^^
  File "/home/airflow/.local/lib/python3.11/site-packages/airflow/models/xcom_arg.py", line 418, in resolve
    result = ti.xcom_pull(
             ^^^^^^^^^^^^^
  File "/home/airflow/.local/lib/python3.11/site-packages/airflow/utils/session.py", line 76, in wrapper
    return func(*args, **kwargs)
           ^^^^^^^^^^^^^^^^^^^^^
  File "/home/airflow/.local/lib/python3.11/site-packages/airflow/models/taskinstance.py", line 3274, in xcom_pull
    return XCom.deserialize_value(first)
           ^^^^^^^^^^^^^^^^^^^^^^^^^^^^^
  File "/home/airflow/.local/lib/python3.11/site-packages/airflow/models/xcom.py", line 705, in deserialize_value
    return BaseXCom._deserialize_value(result, False)
           ^^^^^^^^^^^^^^^^^^^^^^^^^^^^^^^^^^^^^^^^^^
  File "/home/airflow/.local/lib/python3.11/site-packages/airflow/models/xcom.py", line 700, in _deserialize_value
    return json.loads(result.value.decode("UTF-8"), cls=XComDecoder, object_hook=object_hook)
           ^^^^^^^^^^^^^^^^^^^^^^^^^^^^^^^^^^^^^^^^^^^^^^^^^^^^^^^^^^^^^^^^^^^^^^^^^^^^^^^^^^
  File "/usr/local/lib/python3.11/json/__init__.py", line 359, in loads
    return cls(**kw).decode(s)
           ^^^^^^^^^^^^^^^^^^^
  File "/usr/local/lib/python3.11/json/decoder.py", line 337, in decode
    obj, end = self.raw_decode(s, idx=_w(s, 0).end())
               ^^^^^^^^^^^^^^^^^^^^^^^^^^^^^^^^^^^^^^
  File "/usr/local/lib/python3.11/json/decoder.py", line 353, in raw_decode
    obj, end = self.scan_once(s, idx)
               ^^^^^^^^^^^^^^^^^^^^^^
  File "/home/airflow/.local/lib/python3.11/site-packages/airflow/utils/json.py", line 117, in object_hook
    return deserialize(dct)
           ^^^^^^^^^^^^^^^^
  File "/home/airflow/.local/lib/python3.11/site-packages/airflow/serialization/serde.py", line 254, in deserialize
    raise ImportError(
ImportError: unusual_prefix_9684882faf8107da3d58dcbecad229576e0d0672_fluview_lib.IngestContext was not found in allow list for deserialization imports. To allow it, add it to allowed_deserialization_classes in the configuration
[2026-01-27T11:30:25.609+0000] {taskinstance.py:1206} INFO - Marking task as FAILED. dag_id=fluview_ingest_structured, task_id=fetch_ili, run_id=scheduled__2026-01-18T00:00:00+00:00, execution_date=20260118T000000, start_date=20260127T113025, end_date=20260127T113025
[2026-01-27T11:30:25.627+0000] {standard_task_runner.py:110} ERROR - Failed to execute job 11 for task fetch_ili (unusual_prefix_9684882faf8107da3d58dcbecad229576e0d0672_fluview_lib.IngestContext was not found in allow list for deserialization imports. To allow it, add it to allowed_deserialization_classes in the configuration; 697)
[2026-01-27T11:30:25.645+0000] {local_task_job_runner.py:243} INFO - Task exited with return code 1
[2026-01-27T11:30:25.658+0000] {local_task_job_runner.py:222} INFO - ::endgroup::
