[2026-01-23T07:59:09.310+0000] {manager.py:470} INFO - Processing files using up to 2 processes at a time 
[2026-01-23T07:59:09.314+0000] {manager.py:471} INFO - Process each file at most once every 30 seconds
[2026-01-23T07:59:09.317+0000] {manager.py:472} INFO - Checking for new files in /opt/airflow/dags every 300 seconds
[2026-01-23T07:59:09.319+0000] {manager.py:737} INFO - Searching for files in /opt/airflow/dags
[2026-01-23T07:59:09.325+0000] {manager.py:740} INFO - There are 0 files in /opt/airflow/dags
[2026-01-23T08:04:09.713+0000] {manager.py:737} INFO - Searching for files in /opt/airflow/dags
[2026-01-23T08:04:09.722+0000] {manager.py:740} INFO - There are 0 files in /opt/airflow/dags
[2026-01-23T08:09:09.847+0000] {manager.py:737} INFO - Searching for files in /opt/airflow/dags
[2026-01-23T08:09:09.854+0000] {manager.py:740} INFO - There are 0 files in /opt/airflow/dags
[2026-01-23T08:14:10.553+0000] {manager.py:737} INFO - Searching for files in /opt/airflow/dags
[2026-01-23T08:14:10.557+0000] {manager.py:740} INFO - There are 0 files in /opt/airflow/dags
[2026-01-23T08:19:10.913+0000] {manager.py:737} INFO - Searching for files in /opt/airflow/dags
[2026-01-23T08:19:10.940+0000] {manager.py:740} INFO - There are 0 files in /opt/airflow/dags
[2026-01-23T08:24:11.671+0000] {manager.py:737} INFO - Searching for files in /opt/airflow/dags
[2026-01-23T08:24:11.675+0000] {manager.py:740} INFO - There are 0 files in /opt/airflow/dags
[2026-01-23T08:29:12.534+0000] {manager.py:737} INFO - Searching for files in /opt/airflow/dags
[2026-01-23T08:29:12.537+0000] {manager.py:740} INFO - There are 0 files in /opt/airflow/dags
[2026-01-23T08:34:13.077+0000] {manager.py:737} INFO - Searching for files in /opt/airflow/dags
[2026-01-23T08:34:13.082+0000] {manager.py:740} INFO - There are 0 files in /opt/airflow/dags
[2026-01-23T08:39:13.217+0000] {manager.py:737} INFO - Searching for files in /opt/airflow/dags
[2026-01-23T08:39:13.229+0000] {manager.py:740} INFO - There are 0 files in /opt/airflow/dags
[2026-01-23T08:39:58.624+0000] {manager.py:452} INFO - Exiting gracefully upon receiving signal 15
[2026-01-23T08:40:15.599+0000] {manager.py:470} INFO - Processing files using up to 2 processes at a time 
[2026-01-23T08:40:15.601+0000] {manager.py:471} INFO - Process each file at most once every 30 seconds
[2026-01-23T08:40:15.602+0000] {manager.py:472} INFO - Checking for new files in /opt/airflow/dags every 300 seconds
[2026-01-23T08:40:15.604+0000] {manager.py:737} INFO - Searching for files in /opt/airflow/dags
[2026-01-23T08:40:15.607+0000] {manager.py:740} INFO - There are 0 files in /opt/airflow/dags
[2026-01-23T08:42:17.177+0000] {manager.py:452} INFO - Exiting gracefully upon receiving signal 15
