[2026-01-27T11:51:51.463+0000] {local_task_job_runner.py:120} INFO - ::group::Pre task execution logs
[2026-01-27T11:51:51.503+0000] {taskinstance.py:2076} INFO - Dependencies all met for dep_context=non-requeueable deps ti=<TaskInstance: fluview_weekly_etl.spark_clean manual__2026-01-27T11:51:49.248104+00:00 [queued]>
[2026-01-27T11:51:51.512+0000] {taskinstance.py:2076} INFO - Dependencies all met for dep_context=requeueable deps ti=<TaskInstance: fluview_weekly_etl.spark_clean manual__2026-01-27T11:51:49.248104+00:00 [queued]>
[2026-01-27T11:51:51.513+0000] {taskinstance.py:2306} INFO - Starting attempt 1 of 1
[2026-01-27T11:51:51.529+0000] {taskinstance.py:2330} INFO - Executing <Task(SparkSubmitOperator): spark_clean> on 2026-01-27 11:51:49.248104+00:00
[2026-01-27T11:51:51.534+0000] {standard_task_runner.py:64} INFO - Started process 182 to run task
[2026-01-27T11:51:51.536+0000] {standard_task_runner.py:90} INFO - Running: ['***', 'tasks', 'run', 'fluview_weekly_etl', 'spark_clean', 'manual__2026-01-27T11:51:49.248104+00:00', '--job-id', '36', '--raw', '--subdir', 'DAGS_FOLDER/fluview_weekly_etl.py', '--cfg-path', '/tmp/tmp_s7b7uz6']
[2026-01-27T11:51:51.542+0000] {standard_task_runner.py:91} INFO - Job 36: Subtask spark_clean
[2026-01-27T11:51:51.598+0000] {task_command.py:426} INFO - Running <TaskInstance: fluview_weekly_etl.spark_clean manual__2026-01-27T11:51:49.248104+00:00 [running]> on host b033199fcba4
[2026-01-27T11:51:51.686+0000] {taskinstance.py:2648} INFO - Exporting env vars: AIRFLOW_CTX_DAG_OWNER='***' AIRFLOW_CTX_DAG_ID='fluview_weekly_etl' AIRFLOW_CTX_TASK_ID='spark_clean' AIRFLOW_CTX_EXECUTION_DATE='2026-01-27T11:51:49.248104+00:00' AIRFLOW_CTX_TRY_NUMBER='1' AIRFLOW_CTX_DAG_RUN_ID='manual__2026-01-27T11:51:49.248104+00:00'
[2026-01-27T11:51:51.687+0000] {taskinstance.py:430} INFO - ::endgroup::
[2026-01-27T11:51:51.710+0000] {base.py:84} INFO - Using connection ID 'spark_standalone' for task execution.
[2026-01-27T11:51:51.711+0000] {spark_submit.py:473} INFO - Spark-Submit cmd: spark-submit --master spark://spark-master:7077 --name fluview-clean --verbose /jars/fluview-etl.jar --mode=clean --raw=/opt/***/data/raw/fluview/ingest_date=2026-01-27 --clean=/opt/***/data/clean/fluview/ingest_date=2026-01-27
[2026-01-27T11:51:51.727+0000] {spark_submit.py:634} INFO - /opt/spark/bin/load-spark-env.sh: line 68: ps: command not found
[2026-01-27T11:51:52.809+0000] {spark_submit.py:634} INFO - Using properties file: null
[2026-01-27T11:51:52.914+0000] {spark_submit.py:634} INFO - Parsed arguments:
[2026-01-27T11:51:52.915+0000] {spark_submit.py:634} INFO - master                  spark://spark-master:7077
[2026-01-27T11:51:52.916+0000] {spark_submit.py:634} INFO - remote                  null
[2026-01-27T11:51:52.916+0000] {spark_submit.py:634} INFO - deployMode              null
[2026-01-27T11:51:52.917+0000] {spark_submit.py:634} INFO - executorMemory          null
[2026-01-27T11:51:52.917+0000] {spark_submit.py:634} INFO - executorCores           null
[2026-01-27T11:51:52.918+0000] {spark_submit.py:634} INFO - totalExecutorCores      null
[2026-01-27T11:51:52.918+0000] {spark_submit.py:634} INFO - propertiesFile          null
[2026-01-27T11:51:52.919+0000] {spark_submit.py:634} INFO - driverMemory            null
[2026-01-27T11:51:52.919+0000] {spark_submit.py:634} INFO - driverCores             null
[2026-01-27T11:51:52.920+0000] {spark_submit.py:634} INFO - driverExtraClassPath    null
[2026-01-27T11:51:52.920+0000] {spark_submit.py:634} INFO - driverExtraLibraryPath  null
[2026-01-27T11:51:52.921+0000] {spark_submit.py:634} INFO - driverExtraJavaOptions  null
[2026-01-27T11:51:52.921+0000] {spark_submit.py:634} INFO - supervise               false
[2026-01-27T11:51:52.922+0000] {spark_submit.py:634} INFO - queue                   null
[2026-01-27T11:51:52.922+0000] {spark_submit.py:634} INFO - numExecutors            null
[2026-01-27T11:51:52.923+0000] {spark_submit.py:634} INFO - files                   null
[2026-01-27T11:51:52.923+0000] {spark_submit.py:634} INFO - pyFiles                 null
[2026-01-27T11:51:52.924+0000] {spark_submit.py:634} INFO - archives                null
[2026-01-27T11:51:52.924+0000] {spark_submit.py:634} INFO - mainClass               null
[2026-01-27T11:51:52.925+0000] {spark_submit.py:634} INFO - primaryResource         file:/jars/fluview-etl.jar
[2026-01-27T11:51:52.925+0000] {spark_submit.py:634} INFO - name                    fluview-clean
[2026-01-27T11:51:52.926+0000] {spark_submit.py:634} INFO - childArgs               [--mode=clean --raw=/opt/***/data/raw/fluview/ingest_date=2026-01-27 --clean=/opt/***/data/clean/fluview/ingest_date=2026-01-27]
[2026-01-27T11:51:52.926+0000] {spark_submit.py:634} INFO - jars                    null
[2026-01-27T11:51:52.927+0000] {spark_submit.py:634} INFO - packages                null
[2026-01-27T11:51:52.927+0000] {spark_submit.py:634} INFO - packagesExclusions      null
[2026-01-27T11:51:52.928+0000] {spark_submit.py:634} INFO - repositories            null
[2026-01-27T11:51:52.928+0000] {spark_submit.py:634} INFO - verbose                 true
[2026-01-27T11:51:52.929+0000] {spark_submit.py:634} INFO - 
[2026-01-27T11:51:52.930+0000] {spark_submit.py:634} INFO - Spark properties used, including those specified through
[2026-01-27T11:51:52.930+0000] {spark_submit.py:634} INFO - --conf and those from the properties file null:
[2026-01-27T11:51:52.931+0000] {spark_submit.py:634} INFO - 
[2026-01-27T11:51:52.931+0000] {spark_submit.py:634} INFO - 
[2026-01-27T11:51:52.932+0000] {spark_submit.py:634} INFO - 
[2026-01-27T11:51:53.453+0000] {spark_submit.py:634} INFO - 26/01/27 11:51:53 WARN NativeCodeLoader: Unable to load native-hadoop library for your platform... using builtin-java classes where applicable
[2026-01-27T11:51:53.631+0000] {spark_submit.py:634} INFO - Exception in thread "main" org.apache.spark.SparkException: Failed to get main class in JAR with error 'File file:/jars/fluview-etl.jar does not exist'.  Please specify one with --class.
[2026-01-27T11:51:53.632+0000] {spark_submit.py:634} INFO - at org.apache.spark.deploy.SparkSubmit.error(SparkSubmit.scala:1047)
[2026-01-27T11:51:53.633+0000] {spark_submit.py:634} INFO - at org.apache.spark.deploy.SparkSubmit.prepareSubmitEnvironment(SparkSubmit.scala:528)
[2026-01-27T11:51:53.635+0000] {spark_submit.py:634} INFO - at org.apache.spark.deploy.SparkSubmit.org$apache$spark$deploy$SparkSubmit$$runMain(SparkSubmit.scala:964)
[2026-01-27T11:51:53.636+0000] {spark_submit.py:634} INFO - at org.apache.spark.deploy.SparkSubmit.doRunMain$1(SparkSubmit.scala:194)
[2026-01-27T11:51:53.636+0000] {spark_submit.py:634} INFO - at org.apache.spark.deploy.SparkSubmit.submit(SparkSubmit.scala:217)
[2026-01-27T11:51:53.637+0000] {spark_submit.py:634} INFO - at org.apache.spark.deploy.SparkSubmit.doSubmit(SparkSubmit.scala:91)
[2026-01-27T11:51:53.637+0000] {spark_submit.py:634} INFO - at org.apache.spark.deploy.SparkSubmit$$anon$2.doSubmit(SparkSubmit.scala:1120)
[2026-01-27T11:51:53.638+0000] {spark_submit.py:634} INFO - at org.apache.spark.deploy.SparkSubmit$.main(SparkSubmit.scala:1129)
[2026-01-27T11:51:53.638+0000] {spark_submit.py:634} INFO - at org.apache.spark.deploy.SparkSubmit.main(SparkSubmit.scala)
[2026-01-27T11:51:53.685+0000] {taskinstance.py:441} INFO - ::group::Post task execution logs
[2026-01-27T11:51:53.815+0000] {taskinstance.py:2905} ERROR - Task failed with exception
Traceback (most recent call last):
  File "/home/airflow/.local/lib/python3.11/site-packages/airflow/models/taskinstance.py", line 465, in _execute_task
    result = _execute_callable(context=context, **execute_callable_kwargs)
             ^^^^^^^^^^^^^^^^^^^^^^^^^^^^^^^^^^^^^^^^^^^^^^^^^^^^^^^^^^^^^
  File "/home/airflow/.local/lib/python3.11/site-packages/airflow/models/taskinstance.py", line 432, in _execute_callable
    return execute_callable(context=context, **execute_callable_kwargs)
           ^^^^^^^^^^^^^^^^^^^^^^^^^^^^^^^^^^^^^^^^^^^^^^^^^^^^^^^^^^^^
  File "/home/airflow/.local/lib/python3.11/site-packages/airflow/models/baseoperator.py", line 401, in wrapper
    return func(self, *args, **kwargs)
           ^^^^^^^^^^^^^^^^^^^^^^^^^^^
  File "/home/airflow/.local/lib/python3.11/site-packages/airflow/providers/apache/spark/operators/spark_submit.py", line 176, in execute
    self._hook.submit(self.application)
  File "/home/airflow/.local/lib/python3.11/site-packages/airflow/providers/apache/spark/hooks/spark_submit.py", line 560, in submit
    raise AirflowException(
airflow.exceptions.AirflowException: Cannot execute: spark-submit --master spark://spark-master:7077 --name fluview-clean --verbose /jars/fluview-etl.jar --mode=clean --raw=/opt/***/data/raw/fluview/ingest_date=2026-01-27 --clean=/opt/***/data/clean/fluview/ingest_date=2026-01-27. Error code is: 1.
[2026-01-27T11:51:53.819+0000] {taskinstance.py:1206} INFO - Marking task as FAILED. dag_id=fluview_weekly_etl, task_id=spark_clean, run_id=manual__2026-01-27T11:51:49.248104+00:00, execution_date=20260127T115149, start_date=20260127T115151, end_date=20260127T115153
[2026-01-27T11:51:53.833+0000] {standard_task_runner.py:110} ERROR - Failed to execute job 36 for task spark_clean (Cannot execute: spark-submit --master spark://spark-master:7077 --name fluview-clean --verbose /jars/fluview-etl.jar --mode=clean --raw=/opt/***/data/raw/fluview/ingest_date=2026-01-27 --clean=/opt/***/data/clean/fluview/ingest_date=2026-01-27. Error code is: 1.; 182)
[2026-01-27T11:51:53.884+0000] {local_task_job_runner.py:243} INFO - Task exited with return code 1
[2026-01-27T11:51:53.904+0000] {taskinstance.py:3503} INFO - 0 downstream tasks scheduled from follow-on schedule check
[2026-01-27T11:51:53.910+0000] {local_task_job_runner.py:222} INFO - ::endgroup::
